#
# There is insufficient memory for the Java Runtime Environment to continue.
# Native memory allocation (mmap) failed to map 268435456 bytes for G1 virtual space
# Possible reasons:
#   The system is out of physical RAM or swap space
#   The process is running with CompressedOops enabled, and the Java Heap may be blocking the growth of the native heap
# Possible solutions:
#   Reduce memory load on the system
#   Increase physical memory or swap space
#   Check if swap backing store is full
#   Decrease Java heap size (-Xmx/-Xms)
#   Decrease number of Java threads
#   Decrease Java thread stack sizes (-Xss)
#   Set larger code cache with -XX:ReservedCodeCacheSize=
#   JVM is running with Zero Based Compressed Oops mode in which the Java heap is
#     placed in the first 32GB address space. The Java Heap base address is the
#     maximum limit for the native heap growth. Please use -XX:HeapBaseMinAddress
#     to set the Java Heap base and to place the Java Heap above 32GB virtual address.
# This output file may be truncated or incomplete.
#
#  Out of Memory Error (os_windows.cpp:3825), pid=49104, tid=9212
#
# JRE version:  (17.0.9) (build )
# Java VM: OpenJDK 64-Bit Server VM (17.0.9+0--11185874, mixed mode, sharing, tiered, compressed oops, compressed class ptrs, g1 gc, windows-amd64)
# No core dump will be written. Minidumps are not enabled by default on client versions of Windows
#

---------------  S U M M A R Y ------------

Command Line: org.jetbrains.kotlin.cli.jvm.K2JVMCompiler @D:\flutter\Project\Trav.in\build\app\20240911_5672582980191756215.compiler.options

Host: Intel(R) Core(TM) i7-8650U CPU @ 1.90GHz, 8 cores, 15G,  Windows 11 , 64 bit Build 22621 (10.0.22621.2841)
Time: Wed Sep 11 22:52:50 2024 India Standard Time elapsed time: 0.027802 seconds (0d 0h 0m 0s)

---------------  T H R E A D  ---------------

Current thread (0x000002f01675a9b0):  JavaThread "Unknown thread" [_thread_in_vm, id=9212, stack(0x000000f22b700000,0x000000f22b800000)]

Stack: [0x000000f22b700000,0x000000f22b800000]
Native frames: (J=compiled Java code, j=interpreted, Vv=VM code, C=native code)
V  [jvm.dll+0x6886e9]
V  [jvm.dll+0x841e4a]
V  [jvm.dll+0x843a8e]
V  [jvm.dll+0x8440f3]
V  [jvm.dll+0x24c14f]
V  [jvm.dll+0x685499]
V  [jvm.dll+0x679c2a]
V  [jvm.dll+0x30cf9b]
V  [jvm.dll+0x314446]
V  [jvm.dll+0x36425e]
V  [jvm.dll+0x36448f]
V  [jvm.dll+0x2e2d68]
V  [jvm.dll+0x2e3cd4]
V  [jvm.dll+0x8129f1]
V  [jvm.dll+0x3720c1]
V  [jvm.dll+0x7f152c]
V  [jvm.dll+0x3f5d4f]
V  [jvm.dll+0x3f7981]
C  [jli.dll+0x528f]
C  [ucrtbase.dll+0x29363]
C  [KERNEL32.DLL+0x1257d]
C  [ntdll.dll+0x5aa58]


---------------  P R O C E S S  ---------------

Threads class SMR info:
_java_thread_list=0x00007ffd5470ef18, length=0, elements={
}

Java Threads: ( => current thread )

Other Threads:
  0x000002f0167c5780 GCTaskThread "GC Thread#0" [stack: 0x000000f22b800000,0x000000f22b900000] [id=22056]
  0x000002f0167d63f0 ConcurrentGCThread "G1 Main Marker" [stack: 0x000000f22b900000,0x000000f22ba00000] [id=48592]
  0x000002f0167d74c0 ConcurrentGCThread "G1 Conc#0" [stack: 0x000000f22ba00000,0x000000f22bb00000] [id=48220]

[error occurred during error reporting (printing all threads), id 0xc0000005, EXCEPTION_ACCESS_VIOLATION (0xc0000005) at pc=0x00007ffd53ec3937]

VM state: not at safepoint (not fully initialized)

VM Mutex/Monitor currently owned by a thread:  ([mutex/lock_event])
[0x000002f016756a80] Heap_lock - owner thread: 0x000002f01675a9b0

Heap address: 0x0000000701e00000, size: 4066 MB, Compressed Oops mode: Zero based, Oop shift amount: 3

CDS archive(s) mapped at: [0x0000000000000000-0x0000000000000000-0x0000000000000000), size 0, SharedBaseAddress: 0x0000000800000000, ArchiveRelocationMode: 1.
Narrow klass base: 0x0000000000000000, Narrow klass shift: 0, Narrow klass range: 0x0

GC Precious Log:
<Empty>

Heap:
 garbage-first heap   total 0K, used 0K [0x0000000701e00000, 0x0000000800000000)
  region size 2048K, 0 young (0K), 0 survivors (0K)
 Metaspace       used 0K, committed 0K, reserved 0K
  class space    used 0K, committed 0K, reserved 0K

Heap Regions: E=young(eden), S=young(survivor), O=old, HS=humongous(starts), HC=humongous(continues), CS=collection set, F=free, OA=open archive, CA=closed archive, TAMS=top-at-mark-start (previous, next)

Card table byte_map: [0x000002f02b690000,0x000002f02be90000] _byte_map_base: 0x000002f027e81000

Marking Bits (Prev, Next): (CMBitMap*) 0x000002f0167c5cb0, (CMBitMap*) 0x000002f0167c5cf0
 Prev Bits: [0x000002f02c690000, 0x000002f030618000)
 Next Bits: [0x000002f030620000, 0x000002f0345a8000)

GC Heap History (0 events):
No events

Dll operation events (1 events):
Event: 0.018 Loaded shared library C:\Program Files\Android\Android Studio1\jbr\bin\java.dll

Deoptimization events (0 events):
No events

Classes unloaded (0 events):
No events

Classes redefined (0 events):
No events

Internal exceptions (0 events):
No events

VM Operations (0 events):
No events

Events (0 events):
No events


Dynamic libraries:
0x00007ff643e00000 - 0x00007ff643e0a000 	C:\Program Files\Android\Android Studio1\jbr\bin\java.exe
0x00007ffda2b10000 - 0x00007ffda2d27000 	C:\WINDOWS\SYSTEM32\ntdll.dll
0x00007ffda2240000 - 0x00007ffda2304000 	C:\WINDOWS\System32\KERNEL32.DLL
0x00007ffda04a0000 - 0x00007ffda0846000 	C:\WINDOWS\System32\KERNELBASE.dll
0x00007ffd9fe70000 - 0x00007ffd9ff81000 	C:\WINDOWS\System32\ucrtbase.dll
0x00007ffd9ad60000 - 0x00007ffd9ad7b000 	C:\Program Files\Android\Android Studio1\jbr\bin\VCRUNTIME140.dll
0x00007ffd4c970000 - 0x00007ffd4c987000 	C:\Program Files\Android\Android Studio1\jbr\bin\jli.dll
0x00007ffda08c0000 - 0x00007ffda0a6e000 	C:\WINDOWS\System32\USER32.dll
0x00007ffd8c2d0000 - 0x00007ffd8c563000 	C:\WINDOWS\WinSxS\amd64_microsoft.windows.common-controls_6595b64144ccf1df_6.0.22621.2706_none_270c5aa17388e1a2\COMCTL32.dll
0x00007ffda0470000 - 0x00007ffda0496000 	C:\WINDOWS\System32\win32u.dll
0x00007ffda0a70000 - 0x00007ffda0b17000 	C:\WINDOWS\System32\msvcrt.dll
0x00007ffda2530000 - 0x00007ffda2559000 	C:\WINDOWS\System32\GDI32.dll
0x00007ffda01e0000 - 0x00007ffda02f8000 	C:\WINDOWS\System32\gdi32full.dll
0x00007ffd9ff90000 - 0x00007ffda002a000 	C:\WINDOWS\System32\msvcp_win.dll
0x00007ffda1860000 - 0x00007ffda1891000 	C:\WINDOWS\System32\IMM32.DLL
0x00007ffd9adf0000 - 0x00007ffd9adfc000 	C:\Program Files\Android\Android Studio1\jbr\bin\vcruntime140_1.dll
0x00007ffd81130000 - 0x00007ffd811bd000 	C:\Program Files\Android\Android Studio1\jbr\bin\msvcp140.dll
0x00007ffd53bd0000 - 0x00007ffd54853000 	C:\Program Files\Android\Android Studio1\jbr\bin\server\jvm.dll
0x00007ffda0c40000 - 0x00007ffda0cf1000 	C:\WINDOWS\System32\ADVAPI32.dll
0x00007ffda1130000 - 0x00007ffda11d5000 	C:\WINDOWS\System32\sechost.dll
0x00007ffda0b20000 - 0x00007ffda0c37000 	C:\WINDOWS\System32\RPCRT4.dll
0x00007ffd97990000 - 0x00007ffd979c4000 	C:\WINDOWS\SYSTEM32\WINMM.dll
0x00007ffd76820000 - 0x00007ffd76829000 	C:\WINDOWS\SYSTEM32\WSOCK32.dll
0x00007ffd9d870000 - 0x00007ffd9d87a000 	C:\WINDOWS\SYSTEM32\VERSION.dll
0x00007ffd9fb90000 - 0x00007ffd9fbdd000 	C:\WINDOWS\SYSTEM32\POWRPROF.dll
0x00007ffda1350000 - 0x00007ffda13c1000 	C:\WINDOWS\System32\WS2_32.dll
0x00007ffd9fb70000 - 0x00007ffd9fb83000 	C:\WINDOWS\SYSTEM32\UMPDC.dll
0x00007ffd9ee30000 - 0x00007ffd9ee48000 	C:\WINDOWS\SYSTEM32\kernel.appcore.dll
0x00007ffd8cbc0000 - 0x00007ffd8cbca000 	C:\Program Files\Android\Android Studio1\jbr\bin\jimage.dll
0x00007ffd90f60000 - 0x00007ffd91193000 	C:\WINDOWS\SYSTEM32\DBGHELP.DLL
0x00007ffda0d10000 - 0x00007ffda1099000 	C:\WINDOWS\System32\combase.dll
0x00007ffda18a0000 - 0x00007ffda1977000 	C:\WINDOWS\System32\OLEAUT32.dll
0x00007ffd86850000 - 0x00007ffd86882000 	C:\WINDOWS\SYSTEM32\dbgcore.DLL
0x00007ffda0030000 - 0x00007ffda00aa000 	C:\WINDOWS\System32\bcryptPrimitives.dll
0x00007ffd56410000 - 0x00007ffd56435000 	C:\Program Files\Android\Android Studio1\jbr\bin\java.dll

dbghelp: loaded successfully - version: 4.0.5 - missing functions: none
symbol engine: initialized successfully - sym options: 0x614 - pdb path: .;C:\Program Files\Android\Android Studio1\jbr\bin;C:\WINDOWS\SYSTEM32;C:\WINDOWS\WinSxS\amd64_microsoft.windows.common-controls_6595b64144ccf1df_6.0.22621.2706_none_270c5aa17388e1a2;C:\Program Files\Android\Android Studio1\jbr\bin\server

VM Arguments:
java_command: org.jetbrains.kotlin.cli.jvm.K2JVMCompiler @D:\flutter\Project\Trav.in\build\app\20240911_5672582980191756215.compiler.options
java_class_path (initial): C:\Users\dell\.gradle\caches\modules-2\files-2.1\org.jetbrains.kotlin\kotlin-compiler-embeddable\1.7.10\909803167c98606fcf22b4c848647c68e351d48d\kotlin-compiler-embeddable-1.7.10.jar;C:\Users\dell\.gradle\caches\modules-2\files-2.1\org.jetbrains.kotlin\kotlin-reflect\1.7.10\165e600dfea6185cf5efa700756294cc4904dbeb\kotlin-reflect-1.7.10.jar;C:\Users\dell\.gradle\caches\modules-2\files-2.1\org.jetbrains.kotlin\kotlin-stdlib\1.7.10\d2abf9e77736acc4450dc4a3f707fa2c10f5099d\kotlin-stdlib-1.7.10.jar;C:\Users\dell\.gradle\caches\modules-2\files-2.1\org.jetbrains.kotlin\kotlin-script-runtime\1.7.10\c99c87a6988d8fd8d5142e9ed5c9f34a7cf561ee\kotlin-script-runtime-1.7.10.jar;C:\Users\dell\.gradle\caches\modules-2\files-2.1\org.jetbrains.kotlin\kotlin-daemon-embeddable\1.7.10\3a9f7aef7080d3ae63126cbba4f827ed664f32fa\kotlin-daemon-embeddable-1.7.10.jar;C:\Users\dell\.gradle\caches\modules-2\files-2.1\org.jetbrains.intellij.deps\trove4j\1.0.20200330\3afb14d5f9ceb459d724e907a21145e8ff394f02\trove4j-1.0.20200330.jar;C:\Users\dell\.gradle\caches\modules-2\files-2.1\net.java.dev.jna\jna\5.6.0\330f2244e9030119ab3030fc3fededc86713d9cc\jna-5.6.0.jar;C:\Users\dell\.gradle\caches\modules-2\files-2.1\org.jetbrains.kotlin\kotlin-stdlib-common\1.7.10\bac80c520d0a9e3f3673bc2658c6ed02ef45a76a\kotlin-stdlib-common-1.7.10.jar;C:\Users\dell\.gradle\caches\modules-2\files-2.1\org.jetbrains\annotations\13.0\919f0dfe192fb4e063e7dacadee7f8bb9a2672a9\annotations-13.0.jar
Launcher Type: SUN_STANDARD

[Global flags]
     intx CICompilerCount                          = 4                                         {product} {ergonomic}
     uint ConcGCThreads                            = 2                                         {product} {ergonomic}
     uint G1ConcRefinementThreads                  = 8                                         {product} {ergonomic}
   size_t G1HeapRegionSize                         = 2097152                                   {product} {ergonomic}
    uintx GCDrainStackTargetSize                   = 64                                        {product} {ergonomic}
   size_t InitialHeapSize                          = 268435456                                 {product} {ergonomic}
   size_t MarkStackSize                            = 4194304                                   {product} {ergonomic}
   size_t MaxHeapSize                              = 4263510016                                {product} {ergonomic}
   size_t MinHeapDeltaBytes                        = 2097152                                   {product} {ergonomic}
   size_t MinHeapSize                              = 8388608                                   {product} {ergonomic}
    uintx NonNMethodCodeHeapSize                   = 5839372                                {pd product} {ergonomic}
    uintx NonProfiledCodeHeapSize                  = 122909434                              {pd product} {ergonomic}
    uintx ProfiledCodeHeapSize                     = 122909434                              {pd product} {ergonomic}
    uintx ReservedCodeCacheSize                    = 251658240                              {pd product} {ergonomic}
     bool SegmentedCodeCache                       = true                                      {product} {ergonomic}
   size_t SoftMaxHeapSize                          = 4263510016                             {manageable} {ergonomic}
     bool UseCompressedClassPointers               = true                           {product lp64_product} {ergonomic}
     bool UseCompressedOops                        = true                           {product lp64_product} {ergonomic}
     bool UseG1GC                                  = true                                      {product} {ergonomic}
     bool UseLargePagesIndividualAllocation        = false                                  {pd product} {ergonomic}

Logging:
Log output configuration:
 #0: stdout all=warning uptime,level,tags
 #1: stderr all=off uptime,level,tags

Environment Variables:
JAVA_HOME=C:\Program Files\Android\Android Studio1\jbr
CLASSPATH=D:\flutter\Project\Trav.in\android\\gradle\wrapper\gradle-wrapper.jar
PATH=C:\Program Files\Android\Android Studio1\jbr\bin;C:\Python312\Scripts\;C:\Python312\;C:\Program Files (x86)\Common Files\Intel\Shared Libraries\redist\intel64\compiler;C:\Program Files\Python311\Scripts\;C:\Program Files\Python311\;E:\app\dell\product\11.2.0\dbhome_1\bin;C:\Python310\Scripts\;C:\Python310\;C:\Windows\system32;C:\Windows;C:\Windows\System32\Wbem;C:\Windows\System32\WindowsPowerShell\v1.0\;C:\Windows\System32\OpenSSH\;C:\Program Files\dotnet\;C:\ProgramData\chocolatey\bin;C:\Program Files\Microsoft SQL Server\150\Tools\Binn\;C:\WINDOWS\system32;C:\WINDOWS;C:\WINDOWS\System32\Wbem;C:\WINDOWS\System32\WindowsPowerShell\v1.0\;C:\WINDOWS\System32\OpenSSH\;C:\MinGW\bin;C:\sqlite3;C:\Program Files (x86)\Microsoft SQL Server\100\Tools\Binn\;C:\Program Files\Microsoft SQL Server\100\Tools\Binn\;C:\Program Files\Microsoft SQL Server\100\DTS\Binn\;C:\java\jdk-8u282-b08-windows-x64\openlogic-openjdk-8u282-b08-windows-64\bin;C:\Program Files\Intel\WiFi\bin\;C:\Program Files\Common Files\Intel\WirelessCommon\;C:\Program Files (x86)\Intel\Intel(R) Management Engine Components\DAL;C:\Program Files\Intel\Intel(R) Management Engine Components\DAL;C:\Program Files\nodejs\;C:\Program Files\Git\cmd;C:\Program Files\Git\bin;C:\Program Files\Git\cmd;C:\flutter\bin\cache\dart-sdk\bin;C:\Users\dell\AppData\Local\Pub\Cache\bin;C:\Users\dell\AppData\Local\Microsoft\WindowsApps;C:\Srcflutter\flutter\bin;C:\Users\dell\.dotnet\tools;C:\sqlite3;C:\MinGW\bin;C:\flutter\bin;C:\java\jdk-8u282-b08-windows-x64\openlogic-openjdk-8u282-b08-windows-64\bin;C:\Users\dell\AppData\Local\Programs\Microsoft VS Code\bin;C:\Users\dell\AppData\Roaming\npm;C:\Srcflutter\flutter\bin\mingit\cmd
USERNAME=dell
OS=Windows_NT
PROCESSOR_IDENTIFIER=Intel64 Family 6 Model 142 Stepping 10, GenuineIntel
TMP=C:\Users\dell\AppData\Local\Temp
TEMP=C:\Users\dell\AppData\Local\Temp



Periodic native trim disabled

JNI global refs:
JNI global refs: 0, weak refs: 0

JNI global refs memory usage: 0, weak refs: 0

OOME stack traces (most recent first):
Classloader memory used:


---------------  S Y S T E M  ---------------

OS:
 Windows 11 , 64 bit Build 22621 (10.0.22621.2841)
OS uptime: 0 days 4:12 hours
Hyper-V role detected

CPU: total 8 (initial active 8) (4 cores per cpu, 2 threads per core) family 6 model 142 stepping 10 microcode 0xf4, cx8, cmov, fxsr, ht, mmx, 3dnowpref, sse, sse2, sse3, ssse3, sse4.1, sse4.2, popcnt, lzcnt, tsc, tscinvbit, avx, avx2, aes, erms, clmul, bmi1, bmi2, rtm, adx, fma, vzeroupper, clflush, clflushopt, hv
Processor Information for all 8 processors :
  Max Mhz: 2112, Current Mhz: 1910, Mhz Limit: 1900

Memory: 4k page, system-wide physical 16259M (2826M free)
TotalPageFile size 18307M (AvailPageFile size 161M)
current process WorkingSet (physical memory assigned to process): 11M, peak: 11M
current process commit charge ("private bytes"): 60M, peak: 316M

vm_info: OpenJDK 64-Bit Server VM (17.0.9+0--11185874) for windows-amd64 JRE (17.0.9+0--11185874), built on Dec  6 2023 18:57:44 by "androidbuild" with MS VC++ 16.10 / 16.11 (VS2019)

END.
