#
# There is insufficient memory for the Java Runtime Environment to continue.
# Native memory allocation (malloc) failed to allocate 32744 bytes for ChunkPool::allocate
# Possible reasons:
#   The system is out of physical RAM or swap space
#   The process is running with CompressedOops enabled, and the Java Heap may be blocking the growth of the native heap
# Possible solutions:
#   Reduce memory load on the system
#   Increase physical memory or swap space
#   Check if swap backing store is full
#   Decrease Java heap size (-Xmx/-Xms)
#   Decrease number of Java threads
#   Decrease Java thread stack sizes (-Xss)
#   Set larger code cache with -XX:ReservedCodeCacheSize=
#   JVM is running with Zero Based Compressed Oops mode in which the Java heap is
#     placed in the first 32GB address space. The Java Heap base address is the
#     maximum limit for the native heap growth. Please use -XX:HeapBaseMinAddress
#     to set the Java Heap base and to place the Java Heap above 32GB virtual address.
# This output file may be truncated or incomplete.
#
#  Out of Memory Error (arena.cpp:79), pid=23224, tid=9656
#
# JRE version: OpenJDK Runtime Environment (17.0.9) (build 17.0.9+0--11185874)
# Java VM: OpenJDK 64-Bit Server VM (17.0.9+0--11185874, mixed mode, tiered, compressed oops, compressed class ptrs, g1 gc, windows-amd64)
# No core dump will be written. Minidumps are not enabled by default on client versions of Windows
#

---------------  S U M M A R Y ------------

Command Line: -Dorg.gradle.appname=gradlew org.gradle.wrapper.GradleWrapperMain -q -Ptarget-platform=android-x86 -Ptarget=D:\flutter\Project\Trav.in\lib\main.dart -Pbase-application-name=android.app.Application -Pdart-defines=Zmx1dHRlci5pbnNwZWN0b3Iuc3RydWN0dXJlZEVycm9ycz10cnVl,RkxVVFRFUl9XRUJfQ0FOVkFTS0lUX1VSTD1odHRwczovL3d3dy5nc3RhdGljLmNvbS9mbHV0dGVyLWNhbnZhc2tpdC8yMzVkYjkxMWJhMjc5NzIyZjVlNjg1ZjM4YjBlZDMwZmE3ZTg1NzBhLw== -Pdart-obfuscation=false -Ptrack-widget-creation=true -Ptree-shake-icons=false -Pfilesystem-scheme=org-dartlang-root assembleDebug

Host: Intel(R) Core(TM) i7-8650U CPU @ 1.90GHz, 8 cores, 15G,  Windows 11 , 64 bit Build 22621 (10.0.22621.2841)
Time: Tue Sep 10 17:10:24 2024 India Standard Time elapsed time: 23.949350 seconds (0d 0h 0m 23s)

---------------  T H R E A D  ---------------

Current thread (0x000001de510bbd50):  JavaThread "C1 CompilerThread0" daemon [_thread_in_native, id=9656, stack(0x0000002380f00000,0x0000002381000000)]


Current CompileTask:
C1:  23949 1203       3       org.gradle.internal.logging.text.AbstractLineChoppingStyledTextOutput$1::execute (140 bytes)

Stack: [0x0000002380f00000,0x0000002381000000]
Native frames: (J=compiled Java code, j=interpreted, Vv=VM code, C=native code)
V  [jvm.dll+0x6886e9]
V  [jvm.dll+0x841e4a]
V  [jvm.dll+0x843a8e]
V  [jvm.dll+0x8440f3]
V  [jvm.dll+0x24c14f]
V  [jvm.dll+0xac66c]
V  [jvm.dll+0xaca9c]
V  [jvm.dll+0x10f24f]
V  [jvm.dll+0x16c141]
V  [jvm.dll+0x166102]
V  [jvm.dll+0x16053e]
V  [jvm.dll+0x14e6e0]
V  [jvm.dll+0x1371b7]
V  [jvm.dll+0x136b4f]
V  [jvm.dll+0x136d86]
V  [jvm.dll+0x13621a]
V  [jvm.dll+0x137ed1]
V  [jvm.dll+0x22d088]
V  [jvm.dll+0x22b1c0]
V  [jvm.dll+0x7f62f7]
V  [jvm.dll+0x7f06aa]
V  [jvm.dll+0x687565]
C  [ucrtbase.dll+0x29363]
C  [KERNEL32.DLL+0x1257d]
C  [ntdll.dll+0x5aa58]


---------------  P R O C E S S  ---------------

Threads class SMR info:
_java_thread_list=0x000001de51530d20, length=15, elements={
0x000001de2e4ba1b0, 0x000001de5106f260, 0x000001de51070790, 0x000001de510b0010,
0x000001de510b19f0, 0x000001de510b42d0, 0x000001de510b5340, 0x000001de510babf0,
0x000001de510bbd50, 0x000001de510c0a70, 0x000001de5123c160, 0x000001de51254010,
0x000001de51cab030, 0x000001de5211b2a0, 0x000001de51e0f3b0
}

Java Threads: ( => current thread )
  0x000001de2e4ba1b0 JavaThread "main" [_thread_in_native, id=19916, stack(0x0000002380100000,0x0000002380200000)]
  0x000001de5106f260 JavaThread "Reference Handler" daemon [_thread_blocked, id=22072, stack(0x0000002380800000,0x0000002380900000)]
  0x000001de51070790 JavaThread "Finalizer" daemon [_thread_blocked, id=15560, stack(0x0000002380900000,0x0000002380a00000)]
  0x000001de510b0010 JavaThread "Signal Dispatcher" daemon [_thread_blocked, id=15244, stack(0x0000002380a00000,0x0000002380b00000)]
  0x000001de510b19f0 JavaThread "Attach Listener" daemon [_thread_blocked, id=22116, stack(0x0000002380b00000,0x0000002380c00000)]
  0x000001de510b42d0 JavaThread "Service Thread" daemon [_thread_blocked, id=2524, stack(0x0000002380c00000,0x0000002380d00000)]
  0x000001de510b5340 JavaThread "Monitor Deflation Thread" daemon [_thread_blocked, id=20752, stack(0x0000002380d00000,0x0000002380e00000)]
  0x000001de510babf0 JavaThread "C2 CompilerThread0" daemon [_thread_blocked, id=8068, stack(0x0000002380e00000,0x0000002380f00000)]
=>0x000001de510bbd50 JavaThread "C1 CompilerThread0" daemon [_thread_in_native, id=9656, stack(0x0000002380f00000,0x0000002381000000)]
  0x000001de510c0a70 JavaThread "Sweeper thread" daemon [_thread_blocked, id=17460, stack(0x0000002381000000,0x0000002381100000)]
  0x000001de5123c160 JavaThread "Notification Thread" daemon [_thread_blocked, id=2160, stack(0x0000002381100000,0x0000002381200000)]
  0x000001de51254010 JavaThread "Common-Cleaner" daemon [_thread_blocked, id=21868, stack(0x0000002381300000,0x0000002381400000)]
  0x000001de51cab030 JavaThread "pool-1-thread-1" [_thread_blocked, id=4204, stack(0x0000002381a00000,0x0000002381b00000)]
  0x000001de5211b2a0 JavaThread "DisconnectableInputStream source reader" daemon [_thread_in_native, id=14612, stack(0x0000002381b00000,0x0000002381c00000)]
  0x000001de51e0f3b0 JavaThread "Forward input" [_thread_blocked, id=1604, stack(0x0000002381c00000,0x0000002381d00000)]

Other Threads:
  0x000001de5105ac50 VMThread "VM Thread" [stack: 0x0000002380700000,0x0000002380800000] [id=4348]
  0x000001de5123c640 WatcherThread [stack: 0x0000002381200000,0x0000002381300000] [id=21412]
  0x000001de2e524fb0 GCTaskThread "GC Thread#0" [stack: 0x0000002380200000,0x0000002380300000] [id=15708]
  0x000001de51998a20 GCTaskThread "GC Thread#1" [stack: 0x0000002381500000,0x0000002381600000] [id=15364]
  0x000001de51998ce0 GCTaskThread "GC Thread#2" [stack: 0x0000002381600000,0x0000002381700000] [id=12400]
  0x000001de51998fa0 GCTaskThread "GC Thread#3" [stack: 0x0000002381700000,0x0000002381800000] [id=7720]
  0x000001de51999260 GCTaskThread "GC Thread#4" [stack: 0x0000002381800000,0x0000002381900000] [id=8972]
  0x000001de51639c80 GCTaskThread "GC Thread#5" [stack: 0x0000002381900000,0x0000002381a00000] [id=15416]
  0x000001de2e535c20 ConcurrentGCThread "G1 Main Marker" [stack: 0x0000002380300000,0x0000002380400000] [id=10332]
  0x000001de2e536550 ConcurrentGCThread "G1 Conc#0" [stack: 0x0000002380400000,0x0000002380500000] [id=21744]
  0x000001de2e56e660 ConcurrentGCThread "G1 Refine#0" [stack: 0x0000002380500000,0x0000002380600000] [id=13472]
  0x000001de4cd21160 ConcurrentGCThread "G1 Service" [stack: 0x0000002380600000,0x0000002380700000] [id=1384]

Threads with active compile tasks:
C1 CompilerThread0    24031 1203       3       org.gradle.internal.logging.text.AbstractLineChoppingStyledTextOutput$1::execute (140 bytes)

VM state: not at safepoint (normal execution)

VM Mutex/Monitor currently owned by a thread: None

Heap address: 0x0000000701e00000, size: 4066 MB, Compressed Oops mode: Zero based, Oop shift amount: 3

CDS archive(s) not mapped
Compressed class space mapped at: 0x0000000800000000-0x0000000840000000, reserved size: 1073741824
Narrow klass base: 0x0000000800000000, Narrow klass shift: 0, Narrow klass range: 0x40000000

GC Precious Log:
 CPUs: 8 total, 8 available
 Memory: 16259M
 Large Page Support: Disabled
 NUMA Support: Disabled
 Compressed Oops: Enabled (Zero based)
 Heap Region Size: 2M
 Heap Min Capacity: 8M
 Heap Initial Capacity: 256M
 Heap Max Capacity: 4066M
 Pre-touch: Disabled
 Parallel Workers: 8
 Concurrent Workers: 2
 Concurrent Refinement Workers: 8
 Periodic GC: Disabled

Heap:
 garbage-first heap   total 262144K, used 22362K [0x0000000701e00000, 0x0000000800000000)
  region size 2048K, 9 young (18432K), 2 survivors (4096K)
 Metaspace       used 16257K, committed 16448K, reserved 1114112K
  class space    used 1901K, committed 1984K, reserved 1048576K

Heap Regions: E=young(eden), S=young(survivor), O=old, HS=humongous(starts), HC=humongous(continues), CS=collection set, F=free, OA=open archive, CA=closed archive, TAMS=top-at-mark-start (previous, next)
|   0|0x0000000701e00000, 0x0000000702000000, 0x0000000702000000|100%|HS|  |TAMS 0x0000000701e00000, 0x0000000701e00000| Complete 
|   1|0x0000000702000000, 0x0000000702200000, 0x0000000702200000|100%|HC|  |TAMS 0x0000000702000000, 0x0000000702000000| Complete 
|   2|0x0000000702200000, 0x00000007023d6a00, 0x0000000702400000| 91%| O|  |TAMS 0x0000000702200000, 0x0000000702200000| Untracked 
|   3|0x0000000702400000, 0x0000000702400000, 0x0000000702600000|  0%| F|  |TAMS 0x0000000702400000, 0x0000000702400000| Untracked 
|   4|0x0000000702600000, 0x0000000702600000, 0x0000000702800000|  0%| F|  |TAMS 0x0000000702600000, 0x0000000702600000| Untracked 
|   5|0x0000000702800000, 0x0000000702800000, 0x0000000702a00000|  0%| F|  |TAMS 0x0000000702800000, 0x0000000702800000| Untracked 
|   6|0x0000000702a00000, 0x0000000702a00000, 0x0000000702c00000|  0%| F|  |TAMS 0x0000000702a00000, 0x0000000702a00000| Untracked 
|   7|0x0000000702c00000, 0x0000000702c00000, 0x0000000702e00000|  0%| F|  |TAMS 0x0000000702c00000, 0x0000000702c00000| Untracked 
|   8|0x0000000702e00000, 0x0000000702e00000, 0x0000000703000000|  0%| F|  |TAMS 0x0000000702e00000, 0x0000000702e00000| Untracked 
|   9|0x0000000703000000, 0x0000000703000000, 0x0000000703200000|  0%| F|  |TAMS 0x0000000703000000, 0x0000000703000000| Untracked 
|  10|0x0000000703200000, 0x0000000703200000, 0x0000000703400000|  0%| F|  |TAMS 0x0000000703200000, 0x0000000703200000| Untracked 
|  11|0x0000000703400000, 0x0000000703400000, 0x0000000703600000|  0%| F|  |TAMS 0x0000000703400000, 0x0000000703400000| Untracked 
|  12|0x0000000703600000, 0x0000000703600000, 0x0000000703800000|  0%| F|  |TAMS 0x0000000703600000, 0x0000000703600000| Untracked 
|  13|0x0000000703800000, 0x0000000703800000, 0x0000000703a00000|  0%| F|  |TAMS 0x0000000703800000, 0x0000000703800000| Untracked 
|  14|0x0000000703a00000, 0x0000000703a00000, 0x0000000703c00000|  0%| F|  |TAMS 0x0000000703a00000, 0x0000000703a00000| Untracked 
|  15|0x0000000703c00000, 0x0000000703c00000, 0x0000000703e00000|  0%| F|  |TAMS 0x0000000703c00000, 0x0000000703c00000| Untracked 
|  16|0x0000000703e00000, 0x0000000703e00000, 0x0000000704000000|  0%| F|  |TAMS 0x0000000703e00000, 0x0000000703e00000| Untracked 
|  17|0x0000000704000000, 0x0000000704000000, 0x0000000704200000|  0%| F|  |TAMS 0x0000000704000000, 0x0000000704000000| Untracked 
|  18|0x0000000704200000, 0x0000000704200000, 0x0000000704400000|  0%| F|  |TAMS 0x0000000704200000, 0x0000000704200000| Untracked 
|  19|0x0000000704400000, 0x0000000704400000, 0x0000000704600000|  0%| F|  |TAMS 0x0000000704400000, 0x0000000704400000| Untracked 
|  20|0x0000000704600000, 0x0000000704600000, 0x0000000704800000|  0%| F|  |TAMS 0x0000000704600000, 0x0000000704600000| Untracked 
|  21|0x0000000704800000, 0x0000000704800000, 0x0000000704a00000|  0%| F|  |TAMS 0x0000000704800000, 0x0000000704800000| Untracked 
|  22|0x0000000704a00000, 0x0000000704a00000, 0x0000000704c00000|  0%| F|  |TAMS 0x0000000704a00000, 0x0000000704a00000| Untracked 
|  23|0x0000000704c00000, 0x0000000704c00000, 0x0000000704e00000|  0%| F|  |TAMS 0x0000000704c00000, 0x0000000704c00000| Untracked 
|  24|0x0000000704e00000, 0x0000000704e00000, 0x0000000705000000|  0%| F|  |TAMS 0x0000000704e00000, 0x0000000704e00000| Untracked 
|  25|0x0000000705000000, 0x0000000705000000, 0x0000000705200000|  0%| F|  |TAMS 0x0000000705000000, 0x0000000705000000| Untracked 
|  26|0x0000000705200000, 0x0000000705200000, 0x0000000705400000|  0%| F|  |TAMS 0x0000000705200000, 0x0000000705200000| Untracked 
|  27|0x0000000705400000, 0x0000000705400000, 0x0000000705600000|  0%| F|  |TAMS 0x0000000705400000, 0x0000000705400000| Untracked 
|  28|0x0000000705600000, 0x0000000705600000, 0x0000000705800000|  0%| F|  |TAMS 0x0000000705600000, 0x0000000705600000| Untracked 
|  29|0x0000000705800000, 0x0000000705800000, 0x0000000705a00000|  0%| F|  |TAMS 0x0000000705800000, 0x0000000705800000| Untracked 
|  30|0x0000000705a00000, 0x0000000705a00000, 0x0000000705c00000|  0%| F|  |TAMS 0x0000000705a00000, 0x0000000705a00000| Untracked 
|  31|0x0000000705c00000, 0x0000000705c00000, 0x0000000705e00000|  0%| F|  |TAMS 0x0000000705c00000, 0x0000000705c00000| Untracked 
|  32|0x0000000705e00000, 0x0000000705e00000, 0x0000000706000000|  0%| F|  |TAMS 0x0000000705e00000, 0x0000000705e00000| Untracked 
|  33|0x0000000706000000, 0x0000000706000000, 0x0000000706200000|  0%| F|  |TAMS 0x0000000706000000, 0x0000000706000000| Untracked 
|  34|0x0000000706200000, 0x0000000706200000, 0x0000000706400000|  0%| F|  |TAMS 0x0000000706200000, 0x0000000706200000| Untracked 
|  35|0x0000000706400000, 0x0000000706400000, 0x0000000706600000|  0%| F|  |TAMS 0x0000000706400000, 0x0000000706400000| Untracked 
|  36|0x0000000706600000, 0x0000000706600000, 0x0000000706800000|  0%| F|  |TAMS 0x0000000706600000, 0x0000000706600000| Untracked 
|  37|0x0000000706800000, 0x0000000706800000, 0x0000000706a00000|  0%| F|  |TAMS 0x0000000706800000, 0x0000000706800000| Untracked 
|  38|0x0000000706a00000, 0x0000000706a00000, 0x0000000706c00000|  0%| F|  |TAMS 0x0000000706a00000, 0x0000000706a00000| Untracked 
|  39|0x0000000706c00000, 0x0000000706c00000, 0x0000000706e00000|  0%| F|  |TAMS 0x0000000706c00000, 0x0000000706c00000| Untracked 
|  40|0x0000000706e00000, 0x0000000706e00000, 0x0000000707000000|  0%| F|  |TAMS 0x0000000706e00000, 0x0000000706e00000| Untracked 
|  41|0x0000000707000000, 0x0000000707000000, 0x0000000707200000|  0%| F|  |TAMS 0x0000000707000000, 0x0000000707000000| Untracked 
|  42|0x0000000707200000, 0x0000000707200000, 0x0000000707400000|  0%| F|  |TAMS 0x0000000707200000, 0x0000000707200000| Untracked 
|  43|0x0000000707400000, 0x0000000707400000, 0x0000000707600000|  0%| F|  |TAMS 0x0000000707400000, 0x0000000707400000| Untracked 
|  44|0x0000000707600000, 0x0000000707600000, 0x0000000707800000|  0%| F|  |TAMS 0x0000000707600000, 0x0000000707600000| Untracked 
|  45|0x0000000707800000, 0x0000000707800000, 0x0000000707a00000|  0%| F|  |TAMS 0x0000000707800000, 0x0000000707800000| Untracked 
|  46|0x0000000707a00000, 0x0000000707a00000, 0x0000000707c00000|  0%| F|  |TAMS 0x0000000707a00000, 0x0000000707a00000| Untracked 
|  47|0x0000000707c00000, 0x0000000707c00000, 0x0000000707e00000|  0%| F|  |TAMS 0x0000000707c00000, 0x0000000707c00000| Untracked 
|  48|0x0000000707e00000, 0x0000000707e00000, 0x0000000708000000|  0%| F|  |TAMS 0x0000000707e00000, 0x0000000707e00000| Untracked 
|  49|0x0000000708000000, 0x0000000708000000, 0x0000000708200000|  0%| F|  |TAMS 0x0000000708000000, 0x0000000708000000| Untracked 
|  50|0x0000000708200000, 0x0000000708200000, 0x0000000708400000|  0%| F|  |TAMS 0x0000000708200000, 0x0000000708200000| Untracked 
|  51|0x0000000708400000, 0x0000000708400000, 0x0000000708600000|  0%| F|  |TAMS 0x0000000708400000, 0x0000000708400000| Untracked 
|  52|0x0000000708600000, 0x0000000708600000, 0x0000000708800000|  0%| F|  |TAMS 0x0000000708600000, 0x0000000708600000| Untracked 
|  53|0x0000000708800000, 0x0000000708800000, 0x0000000708a00000|  0%| F|  |TAMS 0x0000000708800000, 0x0000000708800000| Untracked 
|  54|0x0000000708a00000, 0x0000000708a00000, 0x0000000708c00000|  0%| F|  |TAMS 0x0000000708a00000, 0x0000000708a00000| Untracked 
|  55|0x0000000708c00000, 0x0000000708c00000, 0x0000000708e00000|  0%| F|  |TAMS 0x0000000708c00000, 0x0000000708c00000| Untracked 
|  56|0x0000000708e00000, 0x0000000708e00000, 0x0000000709000000|  0%| F|  |TAMS 0x0000000708e00000, 0x0000000708e00000| Untracked 
|  57|0x0000000709000000, 0x0000000709000000, 0x0000000709200000|  0%| F|  |TAMS 0x0000000709000000, 0x0000000709000000| Untracked 
|  58|0x0000000709200000, 0x0000000709200000, 0x0000000709400000|  0%| F|  |TAMS 0x0000000709200000, 0x0000000709200000| Untracked 
|  59|0x0000000709400000, 0x0000000709400000, 0x0000000709600000|  0%| F|  |TAMS 0x0000000709400000, 0x0000000709400000| Untracked 
|  60|0x0000000709600000, 0x0000000709600000, 0x0000000709800000|  0%| F|  |TAMS 0x0000000709600000, 0x0000000709600000| Untracked 
|  61|0x0000000709800000, 0x0000000709800000, 0x0000000709a00000|  0%| F|  |TAMS 0x0000000709800000, 0x0000000709800000| Untracked 
|  62|0x0000000709a00000, 0x0000000709a00000, 0x0000000709c00000|  0%| F|  |TAMS 0x0000000709a00000, 0x0000000709a00000| Untracked 
|  63|0x0000000709c00000, 0x0000000709c00000, 0x0000000709e00000|  0%| F|  |TAMS 0x0000000709c00000, 0x0000000709c00000| Untracked 
|  64|0x0000000709e00000, 0x0000000709e00000, 0x000000070a000000|  0%| F|  |TAMS 0x0000000709e00000, 0x0000000709e00000| Untracked 
|  65|0x000000070a000000, 0x000000070a000000, 0x000000070a200000|  0%| F|  |TAMS 0x000000070a000000, 0x000000070a000000| Untracked 
|  66|0x000000070a200000, 0x000000070a200000, 0x000000070a400000|  0%| F|  |TAMS 0x000000070a200000, 0x000000070a200000| Untracked 
|  67|0x000000070a400000, 0x000000070a400000, 0x000000070a600000|  0%| F|  |TAMS 0x000000070a400000, 0x000000070a400000| Untracked 
|  68|0x000000070a600000, 0x000000070a600000, 0x000000070a800000|  0%| F|  |TAMS 0x000000070a600000, 0x000000070a600000| Untracked 
|  69|0x000000070a800000, 0x000000070a800000, 0x000000070aa00000|  0%| F|  |TAMS 0x000000070a800000, 0x000000070a800000| Untracked 
|  70|0x000000070aa00000, 0x000000070aa00000, 0x000000070ac00000|  0%| F|  |TAMS 0x000000070aa00000, 0x000000070aa00000| Untracked 
|  71|0x000000070ac00000, 0x000000070ac00000, 0x000000070ae00000|  0%| F|  |TAMS 0x000000070ac00000, 0x000000070ac00000| Untracked 
|  72|0x000000070ae00000, 0x000000070ae00000, 0x000000070b000000|  0%| F|  |TAMS 0x000000070ae00000, 0x000000070ae00000| Untracked 
|  73|0x000000070b000000, 0x000000070b000000, 0x000000070b200000|  0%| F|  |TAMS 0x000000070b000000, 0x000000070b000000| Untracked 
|  74|0x000000070b200000, 0x000000070b200000, 0x000000070b400000|  0%| F|  |TAMS 0x000000070b200000, 0x000000070b200000| Untracked 
|  75|0x000000070b400000, 0x000000070b400000, 0x000000070b600000|  0%| F|  |TAMS 0x000000070b400000, 0x000000070b400000| Untracked 
|  76|0x000000070b600000, 0x000000070b600000, 0x000000070b800000|  0%| F|  |TAMS 0x000000070b600000, 0x000000070b600000| Untracked 
|  77|0x000000070b800000, 0x000000070b800000, 0x000000070ba00000|  0%| F|  |TAMS 0x000000070b800000, 0x000000070b800000| Untracked 
|  78|0x000000070ba00000, 0x000000070ba00000, 0x000000070bc00000|  0%| F|  |TAMS 0x000000070ba00000, 0x000000070ba00000| Untracked 
|  79|0x000000070bc00000, 0x000000070bc00000, 0x000000070be00000|  0%| F|  |TAMS 0x000000070bc00000, 0x000000070bc00000| Untracked 
|  80|0x000000070be00000, 0x000000070be00000, 0x000000070c000000|  0%| F|  |TAMS 0x000000070be00000, 0x000000070be00000| Untracked 
|  81|0x000000070c000000, 0x000000070c000000, 0x000000070c200000|  0%| F|  |TAMS 0x000000070c000000, 0x000000070c000000| Untracked 
|  82|0x000000070c200000, 0x000000070c200000, 0x000000070c400000|  0%| F|  |TAMS 0x000000070c200000, 0x000000070c200000| Untracked 
|  83|0x000000070c400000, 0x000000070c400000, 0x000000070c600000|  0%| F|  |TAMS 0x000000070c400000, 0x000000070c400000| Untracked 
|  84|0x000000070c600000, 0x000000070c600000, 0x000000070c800000|  0%| F|  |TAMS 0x000000070c600000, 0x000000070c600000| Untracked 
|  85|0x000000070c800000, 0x000000070c800000, 0x000000070ca00000|  0%| F|  |TAMS 0x000000070c800000, 0x000000070c800000| Untracked 
|  86|0x000000070ca00000, 0x000000070ca00000, 0x000000070cc00000|  0%| F|  |TAMS 0x000000070ca00000, 0x000000070ca00000| Untracked 
|  87|0x000000070cc00000, 0x000000070cc00000, 0x000000070ce00000|  0%| F|  |TAMS 0x000000070cc00000, 0x000000070cc00000| Untracked 
|  88|0x000000070ce00000, 0x000000070ce00000, 0x000000070d000000|  0%| F|  |TAMS 0x000000070ce00000, 0x000000070ce00000| Untracked 
|  89|0x000000070d000000, 0x000000070d000000, 0x000000070d200000|  0%| F|  |TAMS 0x000000070d000000, 0x000000070d000000| Untracked 
|  90|0x000000070d200000, 0x000000070d200000, 0x000000070d400000|  0%| F|  |TAMS 0x000000070d200000, 0x000000070d200000| Untracked 
|  91|0x000000070d400000, 0x000000070d400000, 0x000000070d600000|  0%| F|  |TAMS 0x000000070d400000, 0x000000070d400000| Untracked 
|  92|0x000000070d600000, 0x000000070d600000, 0x000000070d800000|  0%| F|  |TAMS 0x000000070d600000, 0x000000070d600000| Untracked 
|  93|0x000000070d800000, 0x000000070d800000, 0x000000070da00000|  0%| F|  |TAMS 0x000000070d800000, 0x000000070d800000| Untracked 
|  94|0x000000070da00000, 0x000000070da00000, 0x000000070dc00000|  0%| F|  |TAMS 0x000000070da00000, 0x000000070da00000| Untracked 
|  95|0x000000070dc00000, 0x000000070dc00000, 0x000000070de00000|  0%| F|  |TAMS 0x000000070dc00000, 0x000000070dc00000| Untracked 
|  96|0x000000070de00000, 0x000000070de00000, 0x000000070e000000|  0%| F|  |TAMS 0x000000070de00000, 0x000000070de00000| Untracked 
|  97|0x000000070e000000, 0x000000070e000000, 0x000000070e200000|  0%| F|  |TAMS 0x000000070e000000, 0x000000070e000000| Untracked 
|  98|0x000000070e200000, 0x000000070e200000, 0x000000070e400000|  0%| F|  |TAMS 0x000000070e200000, 0x000000070e200000| Untracked 
|  99|0x000000070e400000, 0x000000070e400000, 0x000000070e600000|  0%| F|  |TAMS 0x000000070e400000, 0x000000070e400000| Untracked 
| 100|0x000000070e600000, 0x000000070e600000, 0x000000070e800000|  0%| F|  |TAMS 0x000000070e600000, 0x000000070e600000| Untracked 
| 101|0x000000070e800000, 0x000000070e800000, 0x000000070ea00000|  0%| F|  |TAMS 0x000000070e800000, 0x000000070e800000| Untracked 
| 102|0x000000070ea00000, 0x000000070ea00000, 0x000000070ec00000|  0%| F|  |TAMS 0x000000070ea00000, 0x000000070ea00000| Untracked 
| 103|0x000000070ec00000, 0x000000070ec00000, 0x000000070ee00000|  0%| F|  |TAMS 0x000000070ec00000, 0x000000070ec00000| Untracked 
| 104|0x000000070ee00000, 0x000000070ee00000, 0x000000070f000000|  0%| F|  |TAMS 0x000000070ee00000, 0x000000070ee00000| Untracked 
| 105|0x000000070f000000, 0x000000070f000000, 0x000000070f200000|  0%| F|  |TAMS 0x000000070f000000, 0x000000070f000000| Untracked 
| 106|0x000000070f200000, 0x000000070f200000, 0x000000070f400000|  0%| F|  |TAMS 0x000000070f200000, 0x000000070f200000| Untracked 
| 107|0x000000070f400000, 0x000000070f400000, 0x000000070f600000|  0%| F|  |TAMS 0x000000070f400000, 0x000000070f400000| Untracked 
| 108|0x000000070f600000, 0x000000070f600000, 0x000000070f800000|  0%| F|  |TAMS 0x000000070f600000, 0x000000070f600000| Untracked 
| 109|0x000000070f800000, 0x000000070f800000, 0x000000070fa00000|  0%| F|  |TAMS 0x000000070f800000, 0x000000070f800000| Untracked 
| 110|0x000000070fa00000, 0x000000070fa00000, 0x000000070fc00000|  0%| F|  |TAMS 0x000000070fa00000, 0x000000070fa00000| Untracked 
| 111|0x000000070fc00000, 0x000000070fc00000, 0x000000070fe00000|  0%| F|  |TAMS 0x000000070fc00000, 0x000000070fc00000| Untracked 
| 112|0x000000070fe00000, 0x000000070fe00000, 0x0000000710000000|  0%| F|  |TAMS 0x000000070fe00000, 0x000000070fe00000| Untracked 
| 113|0x0000000710000000, 0x0000000710000000, 0x0000000710200000|  0%| F|  |TAMS 0x0000000710000000, 0x0000000710000000| Untracked 
| 114|0x0000000710200000, 0x0000000710200000, 0x0000000710400000|  0%| F|  |TAMS 0x0000000710200000, 0x0000000710200000| Untracked 
| 115|0x0000000710400000, 0x0000000710600000, 0x0000000710600000|100%| S|CS|TAMS 0x0000000710400000, 0x0000000710400000| Complete 
| 116|0x0000000710600000, 0x0000000710800000, 0x0000000710800000|100%| S|CS|TAMS 0x0000000710600000, 0x0000000710600000| Complete 
| 117|0x0000000710800000, 0x0000000710800000, 0x0000000710a00000|  0%| F|  |TAMS 0x0000000710800000, 0x0000000710800000| Untracked 
| 118|0x0000000710a00000, 0x0000000710a00000, 0x0000000710c00000|  0%| F|  |TAMS 0x0000000710a00000, 0x0000000710a00000| Untracked 
| 119|0x0000000710c00000, 0x0000000710c00000, 0x0000000710e00000|  0%| F|  |TAMS 0x0000000710c00000, 0x0000000710c00000| Untracked 
| 120|0x0000000710e00000, 0x0000000710e00000, 0x0000000711000000|  0%| F|  |TAMS 0x0000000710e00000, 0x0000000710e00000| Untracked 
| 121|0x0000000711000000, 0x0000000711200000, 0x0000000711200000|100%| E|  |TAMS 0x0000000711000000, 0x0000000711000000| Complete 
| 122|0x0000000711200000, 0x0000000711400000, 0x0000000711400000|100%| E|CS|TAMS 0x0000000711200000, 0x0000000711200000| Complete 
| 123|0x0000000711400000, 0x0000000711600000, 0x0000000711600000|100%| E|CS|TAMS 0x0000000711400000, 0x0000000711400000| Complete 
| 124|0x0000000711600000, 0x0000000711800000, 0x0000000711800000|100%| E|CS|TAMS 0x0000000711600000, 0x0000000711600000| Complete 
| 125|0x0000000711800000, 0x0000000711a00000, 0x0000000711a00000|100%| E|CS|TAMS 0x0000000711800000, 0x0000000711800000| Complete 
| 126|0x0000000711a00000, 0x0000000711c00000, 0x0000000711c00000|100%| E|CS|TAMS 0x0000000711a00000, 0x0000000711a00000| Complete 
| 127|0x0000000711c00000, 0x0000000711e00000, 0x0000000711e00000|100%| E|CS|TAMS 0x0000000711c00000, 0x0000000711c00000| Complete 

Card table byte_map: [0x000001de414d0000,0x000001de41cd0000] _byte_map_base: 0x000001de3dcc1000

Marking Bits (Prev, Next): (CMBitMap*) 0x000001de2e5254e0, (CMBitMap*) 0x000001de2e525520
 Prev Bits: [0x000001de424d0000, 0x000001de46458000)
 Next Bits: [0x000001de46460000, 0x000001de4a3e8000)

Polling page: 0x000001de2dc70000

Metaspace:

Usage:
  Non-class:     14.02 MB used.
      Class:      1.86 MB used.
       Both:     15.88 MB used.

Virtual space:
  Non-class space:       64.00 MB reserved,      14.12 MB ( 22%) committed,  1 nodes.
      Class space:        1.00 GB reserved,       1.94 MB ( <1%) committed,  1 nodes.
             Both:        1.06 GB reserved,      16.06 MB (  1%) committed. 

Chunk freelists:
   Non-Class:  997.00 KB
       Class:  14.04 MB
        Both:  15.01 MB

MaxMetaspaceSize: unlimited
CompressedClassSpaceSize: 1.00 GB
Initial GC threshold: 21.00 MB
Current GC threshold: 21.00 MB
CDS: off
MetaspaceReclaimPolicy: balanced
 - commit_granule_bytes: 65536.
 - commit_granule_words: 8192.
 - virtual_space_node_default_size: 8388608.
 - enlarge_chunks_in_place: 1.
 - new_chunks_are_fully_committed: 0.
 - uncommit_free_chunks: 1.
 - use_allocation_guard: 0.
 - handle_deallocations: 1.


Internal statistics:

num_allocs_failed_limit: 0.
num_arena_births: 76.
num_arena_deaths: 0.
num_vsnodes_births: 2.
num_vsnodes_deaths: 0.
num_space_committed: 257.
num_space_uncommitted: 0.
num_chunks_returned_to_freelist: 0.
num_chunks_taken_from_freelist: 297.
num_chunk_merges: 0.
num_chunk_splits: 199.
num_chunks_enlarged: 164.
num_inconsistent_stats: 0.

CodeHeap 'non-profiled nmethods': size=120000Kb used=477Kb max_used=477Kb free=119523Kb
 bounds [0x000001de39460000, 0x000001de396d0000, 0x000001de40990000]
CodeHeap 'profiled nmethods': size=120000Kb used=2203Kb max_used=2203Kb free=117797Kb
 bounds [0x000001de31990000, 0x000001de31c00000, 0x000001de38ec0000]
CodeHeap 'non-nmethods': size=5760Kb used=1164Kb max_used=1186Kb free=4595Kb
 bounds [0x000001de38ec0000, 0x000001de39130000, 0x000001de39460000]
 total_blobs=1661 nmethods=1202 adapters=372
 compilation: enabled
              stopped_count=0, restarted_count=0
 full_count=0

Compilation events (20 events):
Event: 23.918 Thread 0x000001de510bbd50 nmethod 1193 0x000001de394d6e10 code [0x000001de394d6fa0, 0x000001de394d7058]
Event: 23.921 Thread 0x000001de510bbd50 1194       1       org.gradle.internal.logging.text.AbstractLineChoppingStyledTextOutput$StateContext::access$500 (5 bytes)
Event: 23.922 Thread 0x000001de510bbd50 nmethod 1194 0x000001de394d7110 code [0x000001de394d72a0, 0x000001de394d7358]
Event: 23.922 Thread 0x000001de510bbd50 1195       3       org.gradle.internal.logging.text.AbstractLineChoppingStyledTextOutput$StateContext::isCurrentCharEquals (70 bytes)
Event: 23.923 Thread 0x000001de510bbd50 nmethod 1195 0x000001de31bb4490 code [0x000001de31bb46a0, 0x000001de31bb4dd8]
Event: 23.940 Thread 0x000001de510bbd50 1196       3       org.gradle.internal.logging.text.AbstractLineChoppingStyledTextOutput$StateContext::hasChar (25 bytes)
Event: 23.940 Thread 0x000001de510bbd50 nmethod 1196 0x000001de31bb5110 code [0x000001de31bb52a0, 0x000001de31bb5458]
Event: 23.941 Thread 0x000001de510bbd50 1197       3       org.gradle.internal.logging.text.AbstractLineChoppingStyledTextOutput$StateContext::setState (10 bytes)
Event: 23.942 Thread 0x000001de510bbd50 nmethod 1197 0x000001de31bb5510 code [0x000001de31bb56c0, 0x000001de31bb5898]
Event: 23.942 Thread 0x000001de510bbd50 1198       3       org.gradle.internal.logging.text.AbstractLineChoppingStyledTextOutput$1::execute (9 bytes)
Event: 23.942 Thread 0x000001de510bbd50 nmethod 1198 0x000001de31bb5990 code [0x000001de31bb5b40, 0x000001de31bb5d88]
Event: 23.942 Thread 0x000001de510bbd50 1199       3       org.gradle.internal.logging.text.AbstractLineChoppingStyledTextOutput$SeenFromEol::all (18 bytes)
Event: 23.943 Thread 0x000001de510bbd50 nmethod 1199 0x000001de31bb5e90 code [0x000001de31bb6020, 0x000001de31bb6198]
Event: 23.943 Thread 0x000001de510bbd50 1200       3       org.gradle.internal.logging.text.AbstractLineChoppingStyledTextOutput$SeenFromEol::none (13 bytes)
Event: 23.943 Thread 0x000001de510bbd50 nmethod 1200 0x000001de31bb6290 code [0x000001de31bb6420, 0x000001de31bb6598]
Event: 23.943 Thread 0x000001de510bbd50 1201       3       org.gradle.internal.logging.text.AbstractLineChoppingStyledTextOutput::access$800 (4 bytes)
Event: 23.943 Thread 0x000001de510bbd50 nmethod 1201 0x000001de31bb6610 code [0x000001de31bb67a0, 0x000001de31bb6898]
Event: 23.943 Thread 0x000001de510bbd50 1202       3       org.gradle.internal.logging.text.AbstractLineChoppingStyledTextOutput::access$900 (4 bytes)
Event: 23.943 Thread 0x000001de510bbd50 nmethod 1202 0x000001de31bb6910 code [0x000001de31bb6aa0, 0x000001de31bb6b98]
Event: 23.944 Thread 0x000001de510bbd50 1203       3       org.gradle.internal.logging.text.AbstractLineChoppingStyledTextOutput$1::execute (140 bytes)

GC Heap History (2 events):
Event: 2.812 GC heap before
{Heap before GC invocations=0 (full 0):
 garbage-first heap   total 262144K, used 24576K [0x0000000701e00000, 0x0000000800000000)
  region size 2048K, 11 young (22528K), 0 survivors (0K)
 Metaspace       used 11088K, committed 11264K, reserved 1114112K
  class space    used 1151K, committed 1216K, reserved 1048576K
}
Event: 2.829 GC heap after
{Heap after GC invocations=1 (full 0):
 garbage-first heap   total 262144K, used 10074K [0x0000000701e00000, 0x0000000800000000)
  region size 2048K, 2 young (4096K), 2 survivors (4096K)
 Metaspace       used 11088K, committed 11264K, reserved 1114112K
  class space    used 1151K, committed 1216K, reserved 1048576K
}

Dll operation events (2 events):
Event: 0.025 Loaded shared library C:\Program Files\Android\Android Studio1\jbr\bin\java.dll
Event: 0.446 Loaded shared library C:\Program Files\Android\Android Studio1\jbr\bin\verify.dll

Deoptimization events (20 events):
Event: 3.498 Thread 0x000001de2e4ba1b0 DEOPT PACKING pc=0x000001de394bdc6c sp=0x00000023801fb140
Event: 3.498 Thread 0x000001de2e4ba1b0 DEOPT UNPACKING pc=0x000001de38f169a3 sp=0x00000023801fb0e0 mode 2
Event: 3.499 Thread 0x000001de2e4ba1b0 Uncommon trap: trap_request=0xffffffc6 fr.pc=0x000001de394bdc6c relative=0x000000000000060c
Event: 3.499 Thread 0x000001de2e4ba1b0 Uncommon trap: reason=bimorphic_or_optimized_type_check action=maybe_recompile pc=0x000001de394bdc6c method=java.util.concurrent.ConcurrentHashMap.get(Ljava/lang/Object;)Ljava/lang/Object; @ 149 c2
Event: 3.499 Thread 0x000001de2e4ba1b0 DEOPT PACKING pc=0x000001de394bdc6c sp=0x00000023801fb140
Event: 3.499 Thread 0x000001de2e4ba1b0 DEOPT UNPACKING pc=0x000001de38f169a3 sp=0x00000023801fb0e0 mode 2
Event: 3.564 Thread 0x000001de2e4ba1b0 DEOPT PACKING pc=0x000001de31a863c8 sp=0x00000023801fa160
Event: 3.564 Thread 0x000001de2e4ba1b0 DEOPT UNPACKING pc=0x000001de38f17143 sp=0x00000023801f9678 mode 0
Event: 5.458 Thread 0x000001de2e4ba1b0 Uncommon trap: trap_request=0xffffff45 fr.pc=0x000001de394a7f1c relative=0x0000000000001cdc
Event: 5.458 Thread 0x000001de2e4ba1b0 Uncommon trap: reason=unstable_if action=reinterpret pc=0x000001de394a7f1c method=java.io.WinNTFileSystem.normalize(Ljava/lang/String;)Ljava/lang/String; @ 128 c2
Event: 5.458 Thread 0x000001de2e4ba1b0 DEOPT PACKING pc=0x000001de394a7f1c sp=0x00000023801fb940
Event: 5.458 Thread 0x000001de2e4ba1b0 DEOPT UNPACKING pc=0x000001de38f169a3 sp=0x00000023801fb928 mode 2
Event: 6.807 Thread 0x000001de2e4ba1b0 Uncommon trap: trap_request=0xffffff45 fr.pc=0x000001de39494464 relative=0x00000000000006a4
Event: 6.807 Thread 0x000001de2e4ba1b0 Uncommon trap: reason=unstable_if action=reinterpret pc=0x000001de39494464 method=java.lang.AbstractStringBuilder.append(Ljava/lang/String;)Ljava/lang/AbstractStringBuilder; @ 1 c2
Event: 6.807 Thread 0x000001de2e4ba1b0 DEOPT PACKING pc=0x000001de39494464 sp=0x00000023801fc6d0
Event: 6.807 Thread 0x000001de2e4ba1b0 DEOPT UNPACKING pc=0x000001de38f169a3 sp=0x00000023801fc650 mode 2
Event: 6.808 Thread 0x000001de2e4ba1b0 Uncommon trap: trap_request=0xffffff45 fr.pc=0x000001de394afe64 relative=0x00000000000006a4
Event: 6.808 Thread 0x000001de2e4ba1b0 Uncommon trap: reason=unstable_if action=reinterpret pc=0x000001de394afe64 method=java.lang.AbstractStringBuilder.append(Ljava/lang/String;)Ljava/lang/AbstractStringBuilder; @ 1 c2
Event: 6.808 Thread 0x000001de2e4ba1b0 DEOPT PACKING pc=0x000001de394afe64 sp=0x00000023801fc670
Event: 6.808 Thread 0x000001de2e4ba1b0 DEOPT UNPACKING pc=0x000001de38f169a3 sp=0x00000023801fc658 mode 2

Classes unloaded (0 events):
No events

Classes redefined (0 events):
No events

Internal exceptions (18 events):
Event: 0.860 Thread 0x000001de2e4ba1b0 Exception <a 'java/lang/NoSuchMethodError'{0x0000000711b7fb48}: 'int java.lang.invoke.DirectMethodHandle$Holder.invokeStaticInit(java.lang.Object, java.lang.Object)'> (0x0000000711b7fb48) 
thrown [s\src\hotspot\share\interpreter\linkResolver.cpp, line 771]
Event: 2.640 Thread 0x000001de2e4ba1b0 Exception <a 'java/lang/NoSuchMethodError'{0x0000000710897aa8}: 'void java.lang.invoke.DirectMethodHandle$Holder.invokeStatic(java.lang.Object, java.lang.Object)'> (0x0000000710897aa8) 
thrown [s\src\hotspot\share\interpreter\linkResolver.cpp, line 771]
Event: 2.712 Thread 0x000001de2e4ba1b0 Exception <a 'java/lang/NoClassDefFoundError'{0x000000071091fbd0}: org/slf4j/impl/StaticMarkerBinder> (0x000000071091fbd0) 
thrown [s\src\hotspot\share\classfile\systemDictionary.cpp, line 245]
Event: 2.756 Thread 0x000001de2e4ba1b0 Exception <a 'java/lang/NoSuchMethodError'{0x00000007109bb670}: 'java.lang.Object java.lang.invoke.DirectMethodHandle$Holder.invokeVirtual(java.lang.Object, java.lang.Object, java.lang.Object, java.lang.Object, java.lang.Object, java.lang.Object, java.lang.Object)'> (0x00000007109bb670) 
thrown [s\src\hotspot\share\interpreter\linkResolver.cpp, line 771]
Event: 2.766 Thread 0x000001de2e4ba1b0 Exception <a 'java/lang/NoSuchMethodError'{0x00000007109cced0}: 'java.lang.Object java.lang.invoke.Invokers$Holder.invoker(java.lang.Object, java.lang.Object, java.lang.Object)'> (0x00000007109cced0) 
thrown [s\src\hotspot\share\interpreter\linkResolver.cpp, line 771]
Event: 2.777 Thread 0x000001de2e4ba1b0 Exception <a 'java/lang/NoSuchMethodError'{0x00000007109d5f78}: 'java.lang.Object java.lang.invoke.DirectMethodHandle$Holder.invokeStatic(java.lang.Object, java.lang.Object, int)'> (0x00000007109d5f78) 
thrown [s\src\hotspot\share\interpreter\linkResolver.cpp, line 771]
Event: 2.788 Thread 0x000001de2e4ba1b0 Exception <a 'java/lang/NoSuchMethodError'{0x00000007109e1c68}: 'void java.lang.invoke.DelegatingMethodHandle$Holder.delegate(java.lang.Object, java.lang.Object, int, java.lang.Object)'> (0x00000007109e1c68) 
thrown [s\src\hotspot\share\interpreter\linkResolver.cpp, line 771]
Event: 2.790 Thread 0x000001de2e4ba1b0 Exception <a 'java/lang/NoSuchMethodError'{0x00000007109e5db0}: 'int java.lang.invoke.DirectMethodHandle$Holder.invokeSpecial(java.lang.Object, java.lang.Object, java.lang.Object)'> (0x00000007109e5db0) 
thrown [s\src\hotspot\share\interpreter\linkResolver.cpp, line 771]
Event: 2.800 Thread 0x000001de2e4ba1b0 Exception <a 'java/lang/NoSuchMethodError'{0x00000007109f8f68}: 'java.lang.Object java.lang.invoke.Invokers$Holder.invokeExact_MT(java.lang.Object, java.lang.Object, java.lang.Object, java.lang.Object)'> (0x00000007109f8f68) 
thrown [s\src\hotspot\share\interpreter\linkResolver.cpp, line 771]
Event: 3.203 Thread 0x000001de2e4ba1b0 Exception <a 'java/lang/NoSuchMethodError'{0x000000071188e150}: 'void java.lang.invoke.DirectMethodHandle$Holder.invokeSpecial(java.lang.Object, java.lang.Object, java.lang.Object)'> (0x000000071188e150) 
thrown [s\src\hotspot\share\interpreter\linkResolver.cpp, line 771]
Event: 3.246 Thread 0x000001de2e4ba1b0 Implicit null exception at 0x000001de394b0790 to 0x000001de394b0d30
Event: 3.246 Thread 0x000001de2e4ba1b0 Implicit null exception at 0x000001de3949ab90 to 0x000001de3949b12c
Event: 3.320 Thread 0x000001de2e4ba1b0 Exception <a 'java/lang/NoSuchMethodError'{0x000000071162c870}: 'java.lang.Object java.lang.invoke.DirectMethodHandle$Holder.invokeStaticInit(java.lang.Object)'> (0x000000071162c870) 
thrown [s\src\hotspot\share\interpreter\linkResolver.cpp, line 771]
Event: 3.732 Thread 0x000001de2e4ba1b0 Exception <a 'java/lang/NoSuchMethodError'{0x0000000711233f68}: 'java.lang.Object java.lang.invoke.DirectMethodHandle$Holder.invokeStaticInit(java.lang.Object, int, int, int, int)'> (0x0000000711233f68) 
thrown [s\src\hotspot\share\interpreter\linkResolver.cpp, line 771]
Event: 5.469 Thread 0x000001de2e4ba1b0 Exception <a 'java/lang/NoSuchMethodError'{0x0000000711255bf0}: 'java.lang.Object java.lang.invoke.DirectMethodHandle$Holder.invokeStaticInit(java.lang.Object, java.lang.Object, int, int, int, int)'> (0x0000000711255bf0) 
thrown [s\src\hotspot\share\interpreter\linkResolver.cpp, line 771]
Event: 6.751 Thread 0x000001de2e4ba1b0 Exception <a 'java/lang/NoSuchMethodError'{0x00000007112864e0}: 'void java.lang.invoke.DirectMethodHandle$Holder.invokeStatic(java.lang.Object, java.lang.Object, java.lang.Object)'> (0x00000007112864e0) 
thrown [s\src\hotspot\share\interpreter\linkResolver.cpp, line 771]
Event: 6.807 Thread 0x000001de2e4ba1b0 Implicit null exception at 0x000001de39493df2 to 0x000001de3949444c
Event: 6.808 Thread 0x000001de2e4ba1b0 Implicit null exception at 0x000001de394af7f2 to 0x000001de394afe4c

VM Operations (20 events):
Event: 2.776 Executing VM operation: HandshakeAllThreads
Event: 2.776 Executing VM operation: HandshakeAllThreads done
Event: 2.776 Executing VM operation: Cleanup
Event: 2.777 Executing VM operation: Cleanup done
Event: 2.812 Executing VM operation: G1CollectForAllocation
Event: 2.829 Executing VM operation: G1CollectForAllocation done
Event: 3.511 Executing VM operation: HandshakeAllThreads
Event: 3.511 Executing VM operation: HandshakeAllThreads done
Event: 4.513 Executing VM operation: Cleanup
Event: 4.513 Executing VM operation: Cleanup done
Event: 5.462 Executing VM operation: HandshakeAllThreads
Event: 5.462 Executing VM operation: HandshakeAllThreads done
Event: 6.468 Executing VM operation: Cleanup
Event: 6.468 Executing VM operation: Cleanup done
Event: 7.482 Executing VM operation: Cleanup
Event: 7.482 Executing VM operation: Cleanup done
Event: 8.482 Executing VM operation: Cleanup
Event: 8.482 Executing VM operation: Cleanup done
Event: 20.602 Executing VM operation: Cleanup
Event: 20.602 Executing VM operation: Cleanup done

Events (20 events):
Event: 9.551 loading class jdk/internal/reflect/ByteVectorFactory
Event: 9.552 loading class jdk/internal/reflect/ByteVectorFactory done
Event: 9.552 loading class jdk/internal/reflect/ByteVectorImpl
Event: 9.552 loading class jdk/internal/reflect/ByteVector
Event: 9.552 loading class jdk/internal/reflect/ByteVector done
Event: 9.552 loading class jdk/internal/reflect/ByteVectorImpl done
Event: 9.552 loading class jdk/internal/reflect/ClassFileAssembler
Event: 9.552 loading class jdk/internal/reflect/ClassFileAssembler done
Event: 9.553 loading class jdk/internal/reflect/UTF8
Event: 9.553 loading class jdk/internal/reflect/UTF8 done
Event: 9.555 loading class jdk/internal/reflect/Label
Event: 9.555 loading class jdk/internal/reflect/Label done
Event: 9.555 loading class jdk/internal/reflect/Label$PatchInfo
Event: 9.555 loading class jdk/internal/reflect/Label$PatchInfo done
Event: 9.555 loading class jdk/internal/reflect/MethodAccessorGenerator$1
Event: 9.555 loading class jdk/internal/reflect/MethodAccessorGenerator$1 done
Event: 9.556 loading class jdk/internal/reflect/ClassDefiner
Event: 9.556 loading class jdk/internal/reflect/ClassDefiner done
Event: 9.556 loading class jdk/internal/reflect/ClassDefiner$1
Event: 9.556 loading class jdk/internal/reflect/ClassDefiner$1 done


Dynamic libraries:
0x00007ff6e9f70000 - 0x00007ff6e9f7a000 	C:\Program Files\Android\Android Studio1\jbr\bin\java.exe
0x00007ffaeb1f0000 - 0x00007ffaeb407000 	C:\WINDOWS\SYSTEM32\ntdll.dll
0x00007ffae9fd0000 - 0x00007ffaea094000 	C:\WINDOWS\System32\KERNEL32.DLL
0x00007ffae8580000 - 0x00007ffae8926000 	C:\WINDOWS\System32\KERNELBASE.dll
0x00007ffae8930000 - 0x00007ffae8a41000 	C:\WINDOWS\System32\ucrtbase.dll
0x00007ffac72b0000 - 0x00007ffac72cb000 	C:\Program Files\Android\Android Studio1\jbr\bin\VCRUNTIME140.dll
0x00007ffa95320000 - 0x00007ffa95337000 	C:\Program Files\Android\Android Studio1\jbr\bin\jli.dll
0x00007ffae92b0000 - 0x00007ffae945e000 	C:\WINDOWS\System32\USER32.dll
0x00007ffae8550000 - 0x00007ffae8576000 	C:\WINDOWS\System32\win32u.dll
0x00007ffaea740000 - 0x00007ffaea769000 	C:\WINDOWS\System32\GDI32.dll
0x00007ffae8d20000 - 0x00007ffae8e38000 	C:\WINDOWS\System32\gdi32full.dll
0x00007ffae8a50000 - 0x00007ffae8aea000 	C:\WINDOWS\System32\msvcp_win.dll
0x00007ffad3450000 - 0x00007ffad36e3000 	C:\WINDOWS\WinSxS\amd64_microsoft.windows.common-controls_6595b64144ccf1df_6.0.22621.2706_none_270c5aa17388e1a2\COMCTL32.dll
0x00007ffae9130000 - 0x00007ffae91d7000 	C:\WINDOWS\System32\msvcrt.dll
0x00007ffaea0a0000 - 0x00007ffaea0d1000 	C:\WINDOWS\System32\IMM32.DLL
0x00007ffac72a0000 - 0x00007ffac72ac000 	C:\Program Files\Android\Android Studio1\jbr\bin\vcruntime140_1.dll
0x00007ffac7210000 - 0x00007ffac729d000 	C:\Program Files\Android\Android Studio1\jbr\bin\msvcp140.dll
0x00007ffa95910000 - 0x00007ffa96593000 	C:\Program Files\Android\Android Studio1\jbr\bin\server\jvm.dll
0x00007ffae91f0000 - 0x00007ffae92a1000 	C:\WINDOWS\System32\ADVAPI32.dll
0x00007ffae8fb0000 - 0x00007ffae9055000 	C:\WINDOWS\System32\sechost.dll
0x00007ffae9eb0000 - 0x00007ffae9fc7000 	C:\WINDOWS\System32\RPCRT4.dll
0x00007ffae81c0000 - 0x00007ffae820d000 	C:\WINDOWS\SYSTEM32\POWRPROF.dll
0x00007ffadfd10000 - 0x00007ffadfd44000 	C:\WINDOWS\SYSTEM32\WINMM.dll
0x00007ffabe270000 - 0x00007ffabe279000 	C:\WINDOWS\SYSTEM32\WSOCK32.dll
0x00007ffae8f30000 - 0x00007ffae8fa1000 	C:\WINDOWS\System32\WS2_32.dll
0x00007ffae3c80000 - 0x00007ffae3c8a000 	C:\WINDOWS\SYSTEM32\VERSION.dll
0x00007ffae8000000 - 0x00007ffae8013000 	C:\WINDOWS\SYSTEM32\UMPDC.dll
0x00007ffae7510000 - 0x00007ffae7528000 	C:\WINDOWS\SYSTEM32\kernel.appcore.dll
0x00007ffa9afb0000 - 0x00007ffa9afba000 	C:\Program Files\Android\Android Studio1\jbr\bin\jimage.dll
0x00007ffad1cb0000 - 0x00007ffad1ee3000 	C:\WINDOWS\SYSTEM32\DBGHELP.DLL
0x00007ffaeae20000 - 0x00007ffaeb1a9000 	C:\WINDOWS\System32\combase.dll
0x00007ffaea660000 - 0x00007ffaea737000 	C:\WINDOWS\System32\OLEAUT32.dll
0x00007ffad4030000 - 0x00007ffad4062000 	C:\WINDOWS\SYSTEM32\dbgcore.DLL
0x00007ffae8eb0000 - 0x00007ffae8f2a000 	C:\WINDOWS\System32\bcryptPrimitives.dll
0x00007ffa97000000 - 0x00007ffa97025000 	C:\Program Files\Android\Android Studio1\jbr\bin\java.dll
0x00007ffa96fe0000 - 0x00007ffa96ff8000 	C:\Program Files\Android\Android Studio1\jbr\bin\zip.dll
0x00007ffae9460000 - 0x00007ffae9cb8000 	C:\WINDOWS\System32\SHELL32.dll
0x00007ffae6420000 - 0x00007ffae6d15000 	C:\WINDOWS\SYSTEM32\windows.storage.dll
0x00007ffae62e0000 - 0x00007ffae641e000 	C:\WINDOWS\SYSTEM32\wintypes.dll
0x00007ffaead20000 - 0x00007ffaeae13000 	C:\WINDOWS\System32\SHCORE.dll
0x00007ffaea8b0000 - 0x00007ffaea90e000 	C:\WINDOWS\System32\shlwapi.dll
0x00007ffae8480000 - 0x00007ffae84a6000 	C:\WINDOWS\SYSTEM32\profapi.dll
0x00007ffa958f0000 - 0x00007ffa95909000 	C:\Program Files\Android\Android Studio1\jbr\bin\net.dll
0x00007ffae3c90000 - 0x00007ffae3dc7000 	C:\WINDOWS\SYSTEM32\WINHTTP.dll
0x00007ffae7980000 - 0x00007ffae79e9000 	C:\WINDOWS\system32\mswsock.dll
0x00007ffa958d0000 - 0x00007ffa958e6000 	C:\Program Files\Android\Android Studio1\jbr\bin\nio.dll
0x00007ffa95350000 - 0x00007ffa95360000 	C:\Program Files\Android\Android Studio1\jbr\bin\verify.dll
0x00007ffac71e0000 - 0x00007ffac7207000 	C:\Users\dell\.gradle\native\c067742578af261105cb4f569cf0c3c89f3d7b1fecec35dd04571415982c5e48\windows-amd64\native-platform.dll
0x00007ffa96fd0000 - 0x00007ffa96fd9000 	C:\Program Files\Android\Android Studio1\jbr\bin\management.dll
0x00007ffa954d0000 - 0x00007ffa954db000 	C:\Program Files\Android\Android Studio1\jbr\bin\management_ext.dll
0x00007ffae9120000 - 0x00007ffae9128000 	C:\WINDOWS\System32\PSAPI.DLL
0x00007ffae7cd0000 - 0x00007ffae7ceb000 	C:\WINDOWS\SYSTEM32\CRYPTSP.dll
0x00007ffae7470000 - 0x00007ffae74a5000 	C:\WINDOWS\system32\rsaenh.dll
0x00007ffae7a20000 - 0x00007ffae7a4c000 	C:\WINDOWS\SYSTEM32\USERENV.dll
0x00007ffae7e80000 - 0x00007ffae7ea8000 	C:\WINDOWS\SYSTEM32\bcrypt.dll
0x00007ffae7cb0000 - 0x00007ffae7cbc000 	C:\WINDOWS\SYSTEM32\CRYPTBASE.dll
0x00007ffae6f80000 - 0x00007ffae6fad000 	C:\WINDOWS\SYSTEM32\IPHLPAPI.DLL
0x00007ffae91e0000 - 0x00007ffae91e9000 	C:\WINDOWS\System32\NSI.dll
0x00007ffae1c00000 - 0x00007ffae1c19000 	C:\WINDOWS\SYSTEM32\dhcpcsvc6.DLL
0x00007ffae1be0000 - 0x00007ffae1bff000 	C:\WINDOWS\SYSTEM32\dhcpcsvc.DLL
0x00007ffae6ff0000 - 0x00007ffae70e9000 	C:\WINDOWS\SYSTEM32\DNSAPI.dll
0x00007ffa9a260000 - 0x00007ffa9a268000 	C:\WINDOWS\system32\wshunix.dll

dbghelp: loaded successfully - version: 4.0.5 - missing functions: none
symbol engine: initialized successfully - sym options: 0x614 - pdb path: .;C:\Program Files\Android\Android Studio1\jbr\bin;C:\WINDOWS\SYSTEM32;C:\WINDOWS\WinSxS\amd64_microsoft.windows.common-controls_6595b64144ccf1df_6.0.22621.2706_none_270c5aa17388e1a2;C:\Program Files\Android\Android Studio1\jbr\bin\server;C:\Users\dell\.gradle\native\c067742578af261105cb4f569cf0c3c89f3d7b1fecec35dd04571415982c5e48\windows-amd64

VM Arguments:
jvm_args: -Dorg.gradle.appname=gradlew 
java_command: org.gradle.wrapper.GradleWrapperMain -q -Ptarget-platform=android-x86 -Ptarget=D:\flutter\Project\Trav.in\lib\main.dart -Pbase-application-name=android.app.Application -Pdart-defines=Zmx1dHRlci5pbnNwZWN0b3Iuc3RydWN0dXJlZEVycm9ycz10cnVl,RkxVVFRFUl9XRUJfQ0FOVkFTS0lUX1VSTD1odHRwczovL3d3dy5nc3RhdGljLmNvbS9mbHV0dGVyLWNhbnZhc2tpdC8yMzVkYjkxMWJhMjc5NzIyZjVlNjg1ZjM4YjBlZDMwZmE3ZTg1NzBhLw== -Pdart-obfuscation=false -Ptrack-widget-creation=true -Ptree-shake-icons=false -Pfilesystem-scheme=org-dartlang-root assembleDebug
java_class_path (initial): D:\flutter\Project\Trav.in\android\\gradle\wrapper\gradle-wrapper.jar
Launcher Type: SUN_STANDARD

[Global flags]
     intx CICompilerCount                          = 4                                         {product} {ergonomic}
     uint ConcGCThreads                            = 2                                         {product} {ergonomic}
     uint G1ConcRefinementThreads                  = 8                                         {product} {ergonomic}
   size_t G1HeapRegionSize                         = 2097152                                   {product} {ergonomic}
    uintx GCDrainStackTargetSize                   = 64                                        {product} {ergonomic}
   size_t InitialHeapSize                          = 268435456                                 {product} {ergonomic}
   size_t MarkStackSize                            = 4194304                                   {product} {ergonomic}
   size_t MaxHeapSize                              = 4263510016                                {product} {ergonomic}
   size_t MaxNewSize                               = 2556428288                                {product} {ergonomic}
   size_t MinHeapDeltaBytes                        = 2097152                                   {product} {ergonomic}
   size_t MinHeapSize                              = 8388608                                   {product} {ergonomic}
    uintx NonNMethodCodeHeapSize                   = 5839372                                {pd product} {ergonomic}
    uintx NonProfiledCodeHeapSize                  = 122909434                              {pd product} {ergonomic}
    uintx ProfiledCodeHeapSize                     = 122909434                              {pd product} {ergonomic}
    uintx ReservedCodeCacheSize                    = 251658240                              {pd product} {ergonomic}
     bool SegmentedCodeCache                       = true                                      {product} {ergonomic}
   size_t SoftMaxHeapSize                          = 4263510016                             {manageable} {ergonomic}
     bool UseCompressedClassPointers               = true                           {product lp64_product} {ergonomic}
     bool UseCompressedOops                        = true                           {product lp64_product} {ergonomic}
     bool UseG1GC                                  = true                                      {product} {ergonomic}
     bool UseLargePagesIndividualAllocation        = false                                  {pd product} {ergonomic}

Logging:
Log output configuration:
 #0: stdout all=warning uptime,level,tags
 #1: stderr all=off uptime,level,tags

Environment Variables:
JAVA_HOME=C:\Program Files\Android\Android Studio1\jbr
CLASSPATH=D:\flutter\Project\Trav.in\android\\gradle\wrapper\gradle-wrapper.jar
PATH=C:\Program Files\Android\Android Studio1\jbr\bin;C:\Python312\Scripts\;C:\Python312\;C:\Program Files (x86)\Common Files\Intel\Shared Libraries\redist\intel64\compiler;C:\Program Files\Python311\Scripts\;C:\Program Files\Python311\;E:\app\dell\product\11.2.0\dbhome_1\bin;C:\Python310\Scripts\;C:\Python310\;C:\Windows\system32;C:\Windows;C:\Windows\System32\Wbem;C:\Windows\System32\WindowsPowerShell\v1.0\;C:\Windows\System32\OpenSSH\;C:\Program Files\dotnet\;C:\ProgramData\chocolatey\bin;C:\Program Files\Microsoft SQL Server\150\Tools\Binn\;C:\WINDOWS\system32;C:\WINDOWS;C:\WINDOWS\System32\Wbem;C:\WINDOWS\System32\WindowsPowerShell\v1.0\;C:\WINDOWS\System32\OpenSSH\;C:\MinGW\bin;C:\sqlite3;C:\Program Files (x86)\Microsoft SQL Server\100\Tools\Binn\;C:\Program Files\Microsoft SQL Server\100\Tools\Binn\;C:\Program Files\Microsoft SQL Server\100\DTS\Binn\;C:\java\jdk-8u282-b08-windows-x64\openlogic-openjdk-8u282-b08-windows-64\bin;C:\Program Files\Intel\WiFi\bin\;C:\Program Files\Common Files\Intel\WirelessCommon\;C:\Program Files (x86)\Intel\Intel(R) Management Engine Components\DAL;C:\Program Files\Intel\Intel(R) Management Engine Components\DAL;C:\Program Files\nodejs\;C:\Program Files\Git\cmd;C:\Program Files\Git\bin;C:\Program Files\Git\cmd;C:\flutter\bin\cache\dart-sdk\bin;C:\Users\dell\AppData\Local\Pub\Cache\bin;C:\Users\dell\AppData\Local\Microsoft\WindowsApps;C:\Srcflutter\flutter\bin;C:\Users\dell\.dotnet\tools;C:\flutter\bin;C:\Users\dell\AppData\Local\Programs\Microsoft VS Code\bin;C:\Users\dell\AppData\Roaming\npm;C:\Srcflutter\flutter\bin\mingit\cmd
USERNAME=dell
OS=Windows_NT
PROCESSOR_IDENTIFIER=Intel64 Family 6 Model 142 Stepping 10, GenuineIntel
TMP=C:\Users\dell\AppData\Local\Temp
TEMP=C:\Users\dell\AppData\Local\Temp



Periodic native trim disabled

JNI global refs:
JNI global refs: 20, weak refs: 3

JNI global refs memory usage: 843, weak refs: 841

OOME stack traces (most recent first):
Classloader memory used:
Loader bootstrap                                                                       : 1501K
Loader org.gradle.internal.classloader.VisitableURLClassLoader                         : 472K
Loader java.net.URLClassLoader                                                         : 26124B
Loader jdk.internal.loader.ClassLoaders$AppClassLoader                                 : 18431B
Loader jdk.internal.loader.ClassLoaders$PlatformClassLoader                            : 14152B
Loader jdk.internal.reflect.DelegatingClassLoader                                      : 439B


[error occurred during error reporting (Classloader stats), id 0xe0000001, Out of Memory Error (s\src\hotspot\share\memory\arena.cpp:79)]


---------------  S Y S T E M  ---------------

OS:
 Windows 11 , 64 bit Build 22621 (10.0.22621.2841)
OS uptime: 0 days 2:05 hours
Hyper-V role detected

CPU: total 8 (initial active 8) (4 cores per cpu, 2 threads per core) family 6 model 142 stepping 10 microcode 0xf4, cx8, cmov, fxsr, ht, mmx, 3dnowpref, sse, sse2, sse3, ssse3, sse4.1, sse4.2, popcnt, lzcnt, tsc, tscinvbit, avx, avx2, aes, erms, clmul, bmi1, bmi2, rtm, adx, fma, vzeroupper, clflush, clflushopt, hv
Processor Information for all 8 processors :
  Max Mhz: 2112, Current Mhz: 1910, Mhz Limit: 1900

Memory: 4k page, system-wide physical 16259M (1995M free)
TotalPageFile size 18307M (AvailPageFile size 1M)
current process WorkingSet (physical memory assigned to process): 90M, peak: 93M
current process commit charge ("private bytes"): 360M, peak: 365M

vm_info: OpenJDK 64-Bit Server VM (17.0.9+0--11185874) for windows-amd64 JRE (17.0.9+0--11185874), built on Dec  6 2023 18:57:44 by "androidbuild" with MS VC++ 16.10 / 16.11 (VS2019)

END.
