#
# There is insufficient memory for the Java Runtime Environment to continue.
# Native memory allocation (malloc) failed to allocate 178832 bytes for Chunk::new
# Possible reasons:
#   The system is out of physical RAM or swap space
#   The process is running with CompressedOops enabled, and the Java Heap may be blocking the growth of the native heap
# Possible solutions:
#   Reduce memory load on the system
#   Increase physical memory or swap space
#   Check if swap backing store is full
#   Decrease Java heap size (-Xmx/-Xms)
#   Decrease number of Java threads
#   Decrease Java thread stack sizes (-Xss)
#   Set larger code cache with -XX:ReservedCodeCacheSize=
#   JVM is running with Zero Based Compressed Oops mode in which the Java heap is
#     placed in the first 32GB address space. The Java Heap base address is the
#     maximum limit for the native heap growth. Please use -XX:HeapBaseMinAddress
#     to set the Java Heap base and to place the Java Heap above 32GB virtual address.
# This output file may be truncated or incomplete.
#
#  Out of Memory Error (arena.cpp:191), pid=12180, tid=12248
#
# JRE version: OpenJDK Runtime Environment (17.0.9) (build 17.0.9+0--11185874)
# Java VM: OpenJDK 64-Bit Server VM (17.0.9+0--11185874, mixed mode, tiered, compressed oops, compressed class ptrs, g1 gc, windows-amd64)
# No core dump will be written. Minidumps are not enabled by default on client versions of Windows
#

---------------  S U M M A R Y ------------

Command Line: -Dorg.gradle.appname=gradlew org.gradle.wrapper.GradleWrapperMain -q -Ptarget-platform=android-x86 -Ptarget=D:\flutter\Project\Trav.in\lib\main.dart -Pbase-application-name=android.app.Application -Pdart-defines=Zmx1dHRlci5pbnNwZWN0b3Iuc3RydWN0dXJlZEVycm9ycz10cnVl,RkxVVFRFUl9XRUJfQ0FOVkFTS0lUX1VSTD1odHRwczovL3d3dy5nc3RhdGljLmNvbS9mbHV0dGVyLWNhbnZhc2tpdC8yMzVkYjkxMWJhMjc5NzIyZjVlNjg1ZjM4YjBlZDMwZmE3ZTg1NzBhLw== -Pdart-obfuscation=false -Ptrack-widget-creation=true -Ptree-shake-icons=false -Pfilesystem-scheme=org-dartlang-root assembleDebug

Host: Intel(R) Core(TM) i7-8650U CPU @ 1.90GHz, 8 cores, 15G,  Windows 11 , 64 bit Build 22621 (10.0.22621.2841)
Time: Tue Sep 10 19:02:59 2024 India Standard Time elapsed time: 0.589801 seconds (0d 0h 0m 0s)

---------------  T H R E A D  ---------------

Current thread (0x000001c649178270):  JavaThread "C2 CompilerThread0" daemon [_thread_in_native, id=12248, stack(0x0000002fe5300000,0x0000002fe5400000)]


Current CompileTask:
C2:    589  427       4       java.io.WinNTFileSystem::resolve (275 bytes)

Stack: [0x0000002fe5300000,0x0000002fe5400000]
Native frames: (J=compiled Java code, j=interpreted, Vv=VM code, C=native code)
V  [jvm.dll+0x6886e9]
V  [jvm.dll+0x841e4a]
V  [jvm.dll+0x843a8e]
V  [jvm.dll+0x8440f3]
V  [jvm.dll+0x24c14f]
V  [jvm.dll+0xac44c]
V  [jvm.dll+0xaca9c]
V  [jvm.dll+0x36c1f7]
V  [jvm.dll+0x33651a]
V  [jvm.dll+0x3359ba]
V  [jvm.dll+0x21ddb1]
V  [jvm.dll+0x21d1d1]
V  [jvm.dll+0x1a674d]
V  [jvm.dll+0x22d088]
V  [jvm.dll+0x22b1c0]
V  [jvm.dll+0x7f62f7]
V  [jvm.dll+0x7f06aa]
V  [jvm.dll+0x687565]
C  [ucrtbase.dll+0x29363]
C  [KERNEL32.DLL+0x1257d]
C  [ntdll.dll+0x5aa58]


---------------  P R O C E S S  ---------------

Threads class SMR info:
_java_thread_list=0x000001c6492daf10, length=12, elements={
0x000001c62a5fa460, 0x000001c649112390, 0x000001c649113120, 0x000001c649182740,
0x000001c649183110, 0x000001c6491839e0, 0x000001c6491842b0, 0x000001c649178270,
0x000001c64917c080, 0x000001c64917cd80, 0x000001c6492f42b0, 0x000001c649306010
}

Java Threads: ( => current thread )
  0x000001c62a5fa460 JavaThread "main" [_thread_in_native, id=12196, stack(0x0000002fe4600000,0x0000002fe4700000)]
  0x000001c649112390 JavaThread "Reference Handler" daemon [_thread_blocked, id=10536, stack(0x0000002fe4d00000,0x0000002fe4e00000)]
  0x000001c649113120 JavaThread "Finalizer" daemon [_thread_blocked, id=3344, stack(0x0000002fe4e00000,0x0000002fe4f00000)]
  0x000001c649182740 JavaThread "Signal Dispatcher" daemon [_thread_blocked, id=3868, stack(0x0000002fe4f00000,0x0000002fe5000000)]
  0x000001c649183110 JavaThread "Attach Listener" daemon [_thread_blocked, id=4860, stack(0x0000002fe5000000,0x0000002fe5100000)]
  0x000001c6491839e0 JavaThread "Service Thread" daemon [_thread_blocked, id=12580, stack(0x0000002fe5100000,0x0000002fe5200000)]
  0x000001c6491842b0 JavaThread "Monitor Deflation Thread" daemon [_thread_blocked, id=6004, stack(0x0000002fe5200000,0x0000002fe5300000)]
=>0x000001c649178270 JavaThread "C2 CompilerThread0" daemon [_thread_in_native, id=12248, stack(0x0000002fe5300000,0x0000002fe5400000)]
  0x000001c64917c080 JavaThread "C1 CompilerThread0" daemon [_thread_in_vm, id=18204, stack(0x0000002fe5400000,0x0000002fe5500000)]
  0x000001c64917cd80 JavaThread "Sweeper thread" daemon [_thread_blocked, id=10780, stack(0x0000002fe5500000,0x0000002fe5600000)]
  0x000001c6492f42b0 JavaThread "Notification Thread" daemon [_thread_blocked, id=12168, stack(0x0000002fe5600000,0x0000002fe5700000)]
  0x000001c649306010 JavaThread "Common-Cleaner" daemon [_thread_blocked, id=12516, stack(0x0000002fe5800000,0x0000002fe5900000)]

Other Threads:
  0x000001c648f9d7a0 VMThread "VM Thread" [stack: 0x0000002fe4c00000,0x0000002fe4d00000] [id=15864]
  0x000001c649278a60 WatcherThread [stack: 0x0000002fe5700000,0x0000002fe5800000] [id=832]
  0x000001c62a664de0 GCTaskThread "GC Thread#0" [stack: 0x0000002fe4700000,0x0000002fe4800000] [id=6088]
  0x000001c62a675a50 ConcurrentGCThread "G1 Main Marker" [stack: 0x0000002fe4800000,0x0000002fe4900000] [id=2252]
  0x000001c62a676b20 ConcurrentGCThread "G1 Conc#0" [stack: 0x0000002fe4900000,0x0000002fe4a00000] [id=9468]
  0x000001c62a6ae820 ConcurrentGCThread "G1 Refine#0" [stack: 0x0000002fe4a00000,0x0000002fe4b00000] [id=14304]
  0x000001c648e423d0 ConcurrentGCThread "G1 Service" [stack: 0x0000002fe4b00000,0x0000002fe4c00000] [id=16732]

Threads with active compile tasks:
C2 CompilerThread0      626  427       4       java.io.WinNTFileSystem::resolve (275 bytes)

VM state: not at safepoint (normal execution)

VM Mutex/Monitor currently owned by a thread: None

Heap address: 0x0000000701e00000, size: 4066 MB, Compressed Oops mode: Zero based, Oop shift amount: 3

CDS archive(s) not mapped
Compressed class space mapped at: 0x0000000800000000-0x0000000840000000, reserved size: 1073741824
Narrow klass base: 0x0000000800000000, Narrow klass shift: 0, Narrow klass range: 0x40000000

GC Precious Log:
 CPUs: 8 total, 8 available
 Memory: 16259M
 Large Page Support: Disabled
 NUMA Support: Disabled
 Compressed Oops: Enabled (Zero based)
 Heap Region Size: 2M
 Heap Min Capacity: 8M
 Heap Initial Capacity: 256M
 Heap Max Capacity: 4066M
 Pre-touch: Disabled
 Parallel Workers: 8
 Concurrent Workers: 2
 Concurrent Refinement Workers: 8
 Periodic GC: Disabled

Heap:
 garbage-first heap   total 262144K, used 8192K [0x0000000701e00000, 0x0000000800000000)
  region size 2048K, 5 young (10240K), 0 survivors (0K)
 Metaspace       used 8216K, committed 8320K, reserved 1114112K
  class space    used 726K, committed 768K, reserved 1048576K

Heap Regions: E=young(eden), S=young(survivor), O=old, HS=humongous(starts), HC=humongous(continues), CS=collection set, F=free, OA=open archive, CA=closed archive, TAMS=top-at-mark-start (previous, next)
|   0|0x0000000701e00000, 0x0000000701e00000, 0x0000000702000000|  0%| F|  |TAMS 0x0000000701e00000, 0x0000000701e00000| Untracked 
|   1|0x0000000702000000, 0x0000000702000000, 0x0000000702200000|  0%| F|  |TAMS 0x0000000702000000, 0x0000000702000000| Untracked 
|   2|0x0000000702200000, 0x0000000702200000, 0x0000000702400000|  0%| F|  |TAMS 0x0000000702200000, 0x0000000702200000| Untracked 
|   3|0x0000000702400000, 0x0000000702400000, 0x0000000702600000|  0%| F|  |TAMS 0x0000000702400000, 0x0000000702400000| Untracked 
|   4|0x0000000702600000, 0x0000000702600000, 0x0000000702800000|  0%| F|  |TAMS 0x0000000702600000, 0x0000000702600000| Untracked 
|   5|0x0000000702800000, 0x0000000702800000, 0x0000000702a00000|  0%| F|  |TAMS 0x0000000702800000, 0x0000000702800000| Untracked 
|   6|0x0000000702a00000, 0x0000000702a00000, 0x0000000702c00000|  0%| F|  |TAMS 0x0000000702a00000, 0x0000000702a00000| Untracked 
|   7|0x0000000702c00000, 0x0000000702c00000, 0x0000000702e00000|  0%| F|  |TAMS 0x0000000702c00000, 0x0000000702c00000| Untracked 
|   8|0x0000000702e00000, 0x0000000702e00000, 0x0000000703000000|  0%| F|  |TAMS 0x0000000702e00000, 0x0000000702e00000| Untracked 
|   9|0x0000000703000000, 0x0000000703000000, 0x0000000703200000|  0%| F|  |TAMS 0x0000000703000000, 0x0000000703000000| Untracked 
|  10|0x0000000703200000, 0x0000000703200000, 0x0000000703400000|  0%| F|  |TAMS 0x0000000703200000, 0x0000000703200000| Untracked 
|  11|0x0000000703400000, 0x0000000703400000, 0x0000000703600000|  0%| F|  |TAMS 0x0000000703400000, 0x0000000703400000| Untracked 
|  12|0x0000000703600000, 0x0000000703600000, 0x0000000703800000|  0%| F|  |TAMS 0x0000000703600000, 0x0000000703600000| Untracked 
|  13|0x0000000703800000, 0x0000000703800000, 0x0000000703a00000|  0%| F|  |TAMS 0x0000000703800000, 0x0000000703800000| Untracked 
|  14|0x0000000703a00000, 0x0000000703a00000, 0x0000000703c00000|  0%| F|  |TAMS 0x0000000703a00000, 0x0000000703a00000| Untracked 
|  15|0x0000000703c00000, 0x0000000703c00000, 0x0000000703e00000|  0%| F|  |TAMS 0x0000000703c00000, 0x0000000703c00000| Untracked 
|  16|0x0000000703e00000, 0x0000000703e00000, 0x0000000704000000|  0%| F|  |TAMS 0x0000000703e00000, 0x0000000703e00000| Untracked 
|  17|0x0000000704000000, 0x0000000704000000, 0x0000000704200000|  0%| F|  |TAMS 0x0000000704000000, 0x0000000704000000| Untracked 
|  18|0x0000000704200000, 0x0000000704200000, 0x0000000704400000|  0%| F|  |TAMS 0x0000000704200000, 0x0000000704200000| Untracked 
|  19|0x0000000704400000, 0x0000000704400000, 0x0000000704600000|  0%| F|  |TAMS 0x0000000704400000, 0x0000000704400000| Untracked 
|  20|0x0000000704600000, 0x0000000704600000, 0x0000000704800000|  0%| F|  |TAMS 0x0000000704600000, 0x0000000704600000| Untracked 
|  21|0x0000000704800000, 0x0000000704800000, 0x0000000704a00000|  0%| F|  |TAMS 0x0000000704800000, 0x0000000704800000| Untracked 
|  22|0x0000000704a00000, 0x0000000704a00000, 0x0000000704c00000|  0%| F|  |TAMS 0x0000000704a00000, 0x0000000704a00000| Untracked 
|  23|0x0000000704c00000, 0x0000000704c00000, 0x0000000704e00000|  0%| F|  |TAMS 0x0000000704c00000, 0x0000000704c00000| Untracked 
|  24|0x0000000704e00000, 0x0000000704e00000, 0x0000000705000000|  0%| F|  |TAMS 0x0000000704e00000, 0x0000000704e00000| Untracked 
|  25|0x0000000705000000, 0x0000000705000000, 0x0000000705200000|  0%| F|  |TAMS 0x0000000705000000, 0x0000000705000000| Untracked 
|  26|0x0000000705200000, 0x0000000705200000, 0x0000000705400000|  0%| F|  |TAMS 0x0000000705200000, 0x0000000705200000| Untracked 
|  27|0x0000000705400000, 0x0000000705400000, 0x0000000705600000|  0%| F|  |TAMS 0x0000000705400000, 0x0000000705400000| Untracked 
|  28|0x0000000705600000, 0x0000000705600000, 0x0000000705800000|  0%| F|  |TAMS 0x0000000705600000, 0x0000000705600000| Untracked 
|  29|0x0000000705800000, 0x0000000705800000, 0x0000000705a00000|  0%| F|  |TAMS 0x0000000705800000, 0x0000000705800000| Untracked 
|  30|0x0000000705a00000, 0x0000000705a00000, 0x0000000705c00000|  0%| F|  |TAMS 0x0000000705a00000, 0x0000000705a00000| Untracked 
|  31|0x0000000705c00000, 0x0000000705c00000, 0x0000000705e00000|  0%| F|  |TAMS 0x0000000705c00000, 0x0000000705c00000| Untracked 
|  32|0x0000000705e00000, 0x0000000705e00000, 0x0000000706000000|  0%| F|  |TAMS 0x0000000705e00000, 0x0000000705e00000| Untracked 
|  33|0x0000000706000000, 0x0000000706000000, 0x0000000706200000|  0%| F|  |TAMS 0x0000000706000000, 0x0000000706000000| Untracked 
|  34|0x0000000706200000, 0x0000000706200000, 0x0000000706400000|  0%| F|  |TAMS 0x0000000706200000, 0x0000000706200000| Untracked 
|  35|0x0000000706400000, 0x0000000706400000, 0x0000000706600000|  0%| F|  |TAMS 0x0000000706400000, 0x0000000706400000| Untracked 
|  36|0x0000000706600000, 0x0000000706600000, 0x0000000706800000|  0%| F|  |TAMS 0x0000000706600000, 0x0000000706600000| Untracked 
|  37|0x0000000706800000, 0x0000000706800000, 0x0000000706a00000|  0%| F|  |TAMS 0x0000000706800000, 0x0000000706800000| Untracked 
|  38|0x0000000706a00000, 0x0000000706a00000, 0x0000000706c00000|  0%| F|  |TAMS 0x0000000706a00000, 0x0000000706a00000| Untracked 
|  39|0x0000000706c00000, 0x0000000706c00000, 0x0000000706e00000|  0%| F|  |TAMS 0x0000000706c00000, 0x0000000706c00000| Untracked 
|  40|0x0000000706e00000, 0x0000000706e00000, 0x0000000707000000|  0%| F|  |TAMS 0x0000000706e00000, 0x0000000706e00000| Untracked 
|  41|0x0000000707000000, 0x0000000707000000, 0x0000000707200000|  0%| F|  |TAMS 0x0000000707000000, 0x0000000707000000| Untracked 
|  42|0x0000000707200000, 0x0000000707200000, 0x0000000707400000|  0%| F|  |TAMS 0x0000000707200000, 0x0000000707200000| Untracked 
|  43|0x0000000707400000, 0x0000000707400000, 0x0000000707600000|  0%| F|  |TAMS 0x0000000707400000, 0x0000000707400000| Untracked 
|  44|0x0000000707600000, 0x0000000707600000, 0x0000000707800000|  0%| F|  |TAMS 0x0000000707600000, 0x0000000707600000| Untracked 
|  45|0x0000000707800000, 0x0000000707800000, 0x0000000707a00000|  0%| F|  |TAMS 0x0000000707800000, 0x0000000707800000| Untracked 
|  46|0x0000000707a00000, 0x0000000707a00000, 0x0000000707c00000|  0%| F|  |TAMS 0x0000000707a00000, 0x0000000707a00000| Untracked 
|  47|0x0000000707c00000, 0x0000000707c00000, 0x0000000707e00000|  0%| F|  |TAMS 0x0000000707c00000, 0x0000000707c00000| Untracked 
|  48|0x0000000707e00000, 0x0000000707e00000, 0x0000000708000000|  0%| F|  |TAMS 0x0000000707e00000, 0x0000000707e00000| Untracked 
|  49|0x0000000708000000, 0x0000000708000000, 0x0000000708200000|  0%| F|  |TAMS 0x0000000708000000, 0x0000000708000000| Untracked 
|  50|0x0000000708200000, 0x0000000708200000, 0x0000000708400000|  0%| F|  |TAMS 0x0000000708200000, 0x0000000708200000| Untracked 
|  51|0x0000000708400000, 0x0000000708400000, 0x0000000708600000|  0%| F|  |TAMS 0x0000000708400000, 0x0000000708400000| Untracked 
|  52|0x0000000708600000, 0x0000000708600000, 0x0000000708800000|  0%| F|  |TAMS 0x0000000708600000, 0x0000000708600000| Untracked 
|  53|0x0000000708800000, 0x0000000708800000, 0x0000000708a00000|  0%| F|  |TAMS 0x0000000708800000, 0x0000000708800000| Untracked 
|  54|0x0000000708a00000, 0x0000000708a00000, 0x0000000708c00000|  0%| F|  |TAMS 0x0000000708a00000, 0x0000000708a00000| Untracked 
|  55|0x0000000708c00000, 0x0000000708c00000, 0x0000000708e00000|  0%| F|  |TAMS 0x0000000708c00000, 0x0000000708c00000| Untracked 
|  56|0x0000000708e00000, 0x0000000708e00000, 0x0000000709000000|  0%| F|  |TAMS 0x0000000708e00000, 0x0000000708e00000| Untracked 
|  57|0x0000000709000000, 0x0000000709000000, 0x0000000709200000|  0%| F|  |TAMS 0x0000000709000000, 0x0000000709000000| Untracked 
|  58|0x0000000709200000, 0x0000000709200000, 0x0000000709400000|  0%| F|  |TAMS 0x0000000709200000, 0x0000000709200000| Untracked 
|  59|0x0000000709400000, 0x0000000709400000, 0x0000000709600000|  0%| F|  |TAMS 0x0000000709400000, 0x0000000709400000| Untracked 
|  60|0x0000000709600000, 0x0000000709600000, 0x0000000709800000|  0%| F|  |TAMS 0x0000000709600000, 0x0000000709600000| Untracked 
|  61|0x0000000709800000, 0x0000000709800000, 0x0000000709a00000|  0%| F|  |TAMS 0x0000000709800000, 0x0000000709800000| Untracked 
|  62|0x0000000709a00000, 0x0000000709a00000, 0x0000000709c00000|  0%| F|  |TAMS 0x0000000709a00000, 0x0000000709a00000| Untracked 
|  63|0x0000000709c00000, 0x0000000709c00000, 0x0000000709e00000|  0%| F|  |TAMS 0x0000000709c00000, 0x0000000709c00000| Untracked 
|  64|0x0000000709e00000, 0x0000000709e00000, 0x000000070a000000|  0%| F|  |TAMS 0x0000000709e00000, 0x0000000709e00000| Untracked 
|  65|0x000000070a000000, 0x000000070a000000, 0x000000070a200000|  0%| F|  |TAMS 0x000000070a000000, 0x000000070a000000| Untracked 
|  66|0x000000070a200000, 0x000000070a200000, 0x000000070a400000|  0%| F|  |TAMS 0x000000070a200000, 0x000000070a200000| Untracked 
|  67|0x000000070a400000, 0x000000070a400000, 0x000000070a600000|  0%| F|  |TAMS 0x000000070a400000, 0x000000070a400000| Untracked 
|  68|0x000000070a600000, 0x000000070a600000, 0x000000070a800000|  0%| F|  |TAMS 0x000000070a600000, 0x000000070a600000| Untracked 
|  69|0x000000070a800000, 0x000000070a800000, 0x000000070aa00000|  0%| F|  |TAMS 0x000000070a800000, 0x000000070a800000| Untracked 
|  70|0x000000070aa00000, 0x000000070aa00000, 0x000000070ac00000|  0%| F|  |TAMS 0x000000070aa00000, 0x000000070aa00000| Untracked 
|  71|0x000000070ac00000, 0x000000070ac00000, 0x000000070ae00000|  0%| F|  |TAMS 0x000000070ac00000, 0x000000070ac00000| Untracked 
|  72|0x000000070ae00000, 0x000000070ae00000, 0x000000070b000000|  0%| F|  |TAMS 0x000000070ae00000, 0x000000070ae00000| Untracked 
|  73|0x000000070b000000, 0x000000070b000000, 0x000000070b200000|  0%| F|  |TAMS 0x000000070b000000, 0x000000070b000000| Untracked 
|  74|0x000000070b200000, 0x000000070b200000, 0x000000070b400000|  0%| F|  |TAMS 0x000000070b200000, 0x000000070b200000| Untracked 
|  75|0x000000070b400000, 0x000000070b400000, 0x000000070b600000|  0%| F|  |TAMS 0x000000070b400000, 0x000000070b400000| Untracked 
|  76|0x000000070b600000, 0x000000070b600000, 0x000000070b800000|  0%| F|  |TAMS 0x000000070b600000, 0x000000070b600000| Untracked 
|  77|0x000000070b800000, 0x000000070b800000, 0x000000070ba00000|  0%| F|  |TAMS 0x000000070b800000, 0x000000070b800000| Untracked 
|  78|0x000000070ba00000, 0x000000070ba00000, 0x000000070bc00000|  0%| F|  |TAMS 0x000000070ba00000, 0x000000070ba00000| Untracked 
|  79|0x000000070bc00000, 0x000000070bc00000, 0x000000070be00000|  0%| F|  |TAMS 0x000000070bc00000, 0x000000070bc00000| Untracked 
|  80|0x000000070be00000, 0x000000070be00000, 0x000000070c000000|  0%| F|  |TAMS 0x000000070be00000, 0x000000070be00000| Untracked 
|  81|0x000000070c000000, 0x000000070c000000, 0x000000070c200000|  0%| F|  |TAMS 0x000000070c000000, 0x000000070c000000| Untracked 
|  82|0x000000070c200000, 0x000000070c200000, 0x000000070c400000|  0%| F|  |TAMS 0x000000070c200000, 0x000000070c200000| Untracked 
|  83|0x000000070c400000, 0x000000070c400000, 0x000000070c600000|  0%| F|  |TAMS 0x000000070c400000, 0x000000070c400000| Untracked 
|  84|0x000000070c600000, 0x000000070c600000, 0x000000070c800000|  0%| F|  |TAMS 0x000000070c600000, 0x000000070c600000| Untracked 
|  85|0x000000070c800000, 0x000000070c800000, 0x000000070ca00000|  0%| F|  |TAMS 0x000000070c800000, 0x000000070c800000| Untracked 
|  86|0x000000070ca00000, 0x000000070ca00000, 0x000000070cc00000|  0%| F|  |TAMS 0x000000070ca00000, 0x000000070ca00000| Untracked 
|  87|0x000000070cc00000, 0x000000070cc00000, 0x000000070ce00000|  0%| F|  |TAMS 0x000000070cc00000, 0x000000070cc00000| Untracked 
|  88|0x000000070ce00000, 0x000000070ce00000, 0x000000070d000000|  0%| F|  |TAMS 0x000000070ce00000, 0x000000070ce00000| Untracked 
|  89|0x000000070d000000, 0x000000070d000000, 0x000000070d200000|  0%| F|  |TAMS 0x000000070d000000, 0x000000070d000000| Untracked 
|  90|0x000000070d200000, 0x000000070d200000, 0x000000070d400000|  0%| F|  |TAMS 0x000000070d200000, 0x000000070d200000| Untracked 
|  91|0x000000070d400000, 0x000000070d400000, 0x000000070d600000|  0%| F|  |TAMS 0x000000070d400000, 0x000000070d400000| Untracked 
|  92|0x000000070d600000, 0x000000070d600000, 0x000000070d800000|  0%| F|  |TAMS 0x000000070d600000, 0x000000070d600000| Untracked 
|  93|0x000000070d800000, 0x000000070d800000, 0x000000070da00000|  0%| F|  |TAMS 0x000000070d800000, 0x000000070d800000| Untracked 
|  94|0x000000070da00000, 0x000000070da00000, 0x000000070dc00000|  0%| F|  |TAMS 0x000000070da00000, 0x000000070da00000| Untracked 
|  95|0x000000070dc00000, 0x000000070dc00000, 0x000000070de00000|  0%| F|  |TAMS 0x000000070dc00000, 0x000000070dc00000| Untracked 
|  96|0x000000070de00000, 0x000000070de00000, 0x000000070e000000|  0%| F|  |TAMS 0x000000070de00000, 0x000000070de00000| Untracked 
|  97|0x000000070e000000, 0x000000070e000000, 0x000000070e200000|  0%| F|  |TAMS 0x000000070e000000, 0x000000070e000000| Untracked 
|  98|0x000000070e200000, 0x000000070e200000, 0x000000070e400000|  0%| F|  |TAMS 0x000000070e200000, 0x000000070e200000| Untracked 
|  99|0x000000070e400000, 0x000000070e400000, 0x000000070e600000|  0%| F|  |TAMS 0x000000070e400000, 0x000000070e400000| Untracked 
| 100|0x000000070e600000, 0x000000070e600000, 0x000000070e800000|  0%| F|  |TAMS 0x000000070e600000, 0x000000070e600000| Untracked 
| 101|0x000000070e800000, 0x000000070e800000, 0x000000070ea00000|  0%| F|  |TAMS 0x000000070e800000, 0x000000070e800000| Untracked 
| 102|0x000000070ea00000, 0x000000070ea00000, 0x000000070ec00000|  0%| F|  |TAMS 0x000000070ea00000, 0x000000070ea00000| Untracked 
| 103|0x000000070ec00000, 0x000000070ec00000, 0x000000070ee00000|  0%| F|  |TAMS 0x000000070ec00000, 0x000000070ec00000| Untracked 
| 104|0x000000070ee00000, 0x000000070ee00000, 0x000000070f000000|  0%| F|  |TAMS 0x000000070ee00000, 0x000000070ee00000| Untracked 
| 105|0x000000070f000000, 0x000000070f000000, 0x000000070f200000|  0%| F|  |TAMS 0x000000070f000000, 0x000000070f000000| Untracked 
| 106|0x000000070f200000, 0x000000070f200000, 0x000000070f400000|  0%| F|  |TAMS 0x000000070f200000, 0x000000070f200000| Untracked 
| 107|0x000000070f400000, 0x000000070f400000, 0x000000070f600000|  0%| F|  |TAMS 0x000000070f400000, 0x000000070f400000| Untracked 
| 108|0x000000070f600000, 0x000000070f600000, 0x000000070f800000|  0%| F|  |TAMS 0x000000070f600000, 0x000000070f600000| Untracked 
| 109|0x000000070f800000, 0x000000070f800000, 0x000000070fa00000|  0%| F|  |TAMS 0x000000070f800000, 0x000000070f800000| Untracked 
| 110|0x000000070fa00000, 0x000000070fa00000, 0x000000070fc00000|  0%| F|  |TAMS 0x000000070fa00000, 0x000000070fa00000| Untracked 
| 111|0x000000070fc00000, 0x000000070fc00000, 0x000000070fe00000|  0%| F|  |TAMS 0x000000070fc00000, 0x000000070fc00000| Untracked 
| 112|0x000000070fe00000, 0x000000070fe00000, 0x0000000710000000|  0%| F|  |TAMS 0x000000070fe00000, 0x000000070fe00000| Untracked 
| 113|0x0000000710000000, 0x0000000710000000, 0x0000000710200000|  0%| F|  |TAMS 0x0000000710000000, 0x0000000710000000| Untracked 
| 114|0x0000000710200000, 0x0000000710200000, 0x0000000710400000|  0%| F|  |TAMS 0x0000000710200000, 0x0000000710200000| Untracked 
| 115|0x0000000710400000, 0x0000000710400000, 0x0000000710600000|  0%| F|  |TAMS 0x0000000710400000, 0x0000000710400000| Untracked 
| 116|0x0000000710600000, 0x0000000710600000, 0x0000000710800000|  0%| F|  |TAMS 0x0000000710600000, 0x0000000710600000| Untracked 
| 117|0x0000000710800000, 0x0000000710800000, 0x0000000710a00000|  0%| F|  |TAMS 0x0000000710800000, 0x0000000710800000| Untracked 
| 118|0x0000000710a00000, 0x0000000710a00000, 0x0000000710c00000|  0%| F|  |TAMS 0x0000000710a00000, 0x0000000710a00000| Untracked 
| 119|0x0000000710c00000, 0x0000000710c00000, 0x0000000710e00000|  0%| F|  |TAMS 0x0000000710c00000, 0x0000000710c00000| Untracked 
| 120|0x0000000710e00000, 0x0000000710e00000, 0x0000000711000000|  0%| F|  |TAMS 0x0000000710e00000, 0x0000000710e00000| Untracked 
| 121|0x0000000711000000, 0x0000000711000000, 0x0000000711200000|  0%| F|  |TAMS 0x0000000711000000, 0x0000000711000000| Untracked 
| 122|0x0000000711200000, 0x0000000711200000, 0x0000000711400000|  0%| F|  |TAMS 0x0000000711200000, 0x0000000711200000| Untracked 
| 123|0x0000000711400000, 0x0000000711600000, 0x0000000711600000|100%| E|  |TAMS 0x0000000711400000, 0x0000000711400000| Complete 
| 124|0x0000000711600000, 0x0000000711800000, 0x0000000711800000|100%| E|CS|TAMS 0x0000000711600000, 0x0000000711600000| Complete 
| 125|0x0000000711800000, 0x0000000711a00000, 0x0000000711a00000|100%| E|CS|TAMS 0x0000000711800000, 0x0000000711800000| Complete 
| 126|0x0000000711a00000, 0x0000000711c00000, 0x0000000711c00000|100%| E|CS|TAMS 0x0000000711a00000, 0x0000000711a00000| Complete 
| 127|0x0000000711c00000, 0x0000000711e00000, 0x0000000711e00000|100%| E|CS|TAMS 0x0000000711c00000, 0x0000000711c00000| Complete 

Card table byte_map: [0x000001c63d600000,0x000001c63de00000] _byte_map_base: 0x000001c639df1000

Marking Bits (Prev, Next): (CMBitMap*) 0x000001c62a665310, (CMBitMap*) 0x000001c62a665350
 Prev Bits: [0x000001c63e600000, 0x000001c642588000)
 Next Bits: [0x000001c642590000, 0x000001c646518000)

Polling page: 0x000001c629db0000

Metaspace:

Usage:
  Non-class:      7.31 MB used.
      Class:    726.81 KB used.
       Both:      8.02 MB used.

Virtual space:
  Non-class space:       64.00 MB reserved,       7.38 MB ( 12%) committed,  1 nodes.
      Class space:        1.00 GB reserved,     768.00 KB ( <1%) committed,  1 nodes.
             Both:        1.06 GB reserved,       8.12 MB ( <1%) committed. 

Chunk freelists:
   Non-Class:  8.33 MB
       Class:  15.20 MB
        Both:  23.53 MB

MaxMetaspaceSize: unlimited
CompressedClassSpaceSize: 1.00 GB
Initial GC threshold: 21.00 MB
Current GC threshold: 21.00 MB
CDS: off
MetaspaceReclaimPolicy: balanced
 - commit_granule_bytes: 65536.
 - commit_granule_words: 8192.
 - virtual_space_node_default_size: 8388608.
 - enlarge_chunks_in_place: 1.
 - new_chunks_are_fully_committed: 0.
 - uncommit_free_chunks: 1.
 - use_allocation_guard: 0.
 - handle_deallocations: 1.


Internal statistics:

num_allocs_failed_limit: 0.
num_arena_births: 12.
num_arena_deaths: 0.
num_vsnodes_births: 2.
num_vsnodes_deaths: 0.
num_space_committed: 130.
num_space_uncommitted: 0.
num_chunks_returned_to_freelist: 0.
num_chunks_taken_from_freelist: 52.
num_chunk_merges: 0.
num_chunk_splits: 23.
num_chunks_enlarged: 17.
num_inconsistent_stats: 0.

CodeHeap 'non-profiled nmethods': size=120000Kb used=130Kb max_used=130Kb free=119869Kb
 bounds [0x000001c6355a0000, 0x000001c635810000, 0x000001c63cad0000]
CodeHeap 'profiled nmethods': size=120000Kb used=667Kb max_used=667Kb free=119332Kb
 bounds [0x000001c62dad0000, 0x000001c62dd40000, 0x000001c635000000]
CodeHeap 'non-nmethods': size=5760Kb used=1124Kb max_used=1141Kb free=4636Kb
 bounds [0x000001c635000000, 0x000001c635270000, 0x000001c6355a0000]
 total_blobs=853 nmethods=447 adapters=319
 compilation: enabled
              stopped_count=0, restarted_count=0
 full_count=0

Compilation events (20 events):
Event: 0.557 Thread 0x000001c649178270 nmethod 420 0x000001c6355bea10 code [0x000001c6355beb80, 0x000001c6355bed38]
Event: 0.557 Thread 0x000001c649178270  421       4       java.lang.String::indexOf (7 bytes)
Event: 0.559 Thread 0x000001c649178270 nmethod 421 0x000001c6355bee90 code [0x000001c6355bf000, 0x000001c6355bf1d8]
Event: 0.562 Thread 0x000001c64917c080  422       3       java.lang.StringLatin1::indexOf (121 bytes)
Event: 0.562 Thread 0x000001c64917c080 nmethod 422 0x000001c62db65d90 code [0x000001c62db65f60, 0x000001c62db66458]
Event: 0.569 Thread 0x000001c64917c080  423       3       java.util.Collections$UnmodifiableCollection::iterator (9 bytes)
Event: 0.569 Thread 0x000001c64917c080 nmethod 423 0x000001c62db66690 code [0x000001c62db66840, 0x000001c62db66c08]
Event: 0.569 Thread 0x000001c64917c080  424       3       java.util.Collections$UnmodifiableCollection$1::<init> (26 bytes)
Event: 0.569 Thread 0x000001c64917c080 nmethod 424 0x000001c62db66d90 code [0x000001c62db66f40, 0x000001c62db67248]
Event: 0.572 Thread 0x000001c649178270  425       4       java.lang.String::<init> (74 bytes)
Event: 0.577 Thread 0x000001c649178270 nmethod 425 0x000001c6355bf310 code [0x000001c6355bf4a0, 0x000001c6355bf918]
Event: 0.577 Thread 0x000001c649178270  426       4       java.lang.StringUTF16::compress (20 bytes)
Event: 0.579 Thread 0x000001c649178270 nmethod 426 0x000001c6355bfa90 code [0x000001c6355bfc20, 0x000001c6355bfe98]
Event: 0.579 Thread 0x000001c649178270  427       4       java.io.WinNTFileSystem::resolve (275 bytes)
Event: 0.586 Thread 0x000001c64917c080  428       3       java.lang.ref.Reference::clear (5 bytes)
Event: 0.586 Thread 0x000001c64917c080 nmethod 428 0x000001c62db67390 code [0x000001c62db67520, 0x000001c62db67668]
Event: 0.586 Thread 0x000001c64917c080  430       3       java.io.File::isFile (34 bytes)
Event: 0.587 Thread 0x000001c64917c080 nmethod 430 0x000001c62db67710 code [0x000001c62db67900, 0x000001c62db67e48]
Event: 0.587 Thread 0x000001c64917c080  431       3       java.io.File::<init> (111 bytes)
Event: 0.588 Thread 0x000001c64917c080 nmethod 431 0x000001c62db68010 code [0x000001c62db682c0, 0x000001c62db68d28]

GC Heap History (0 events):
No events

Dll operation events (2 events):
Event: 0.012 Loaded shared library C:\Program Files\Android\Android Studio1\jbr\bin\java.dll
Event: 0.172 Loaded shared library C:\Program Files\Android\Android Studio1\jbr\bin\verify.dll

Deoptimization events (20 events):
Event: 0.347 Thread 0x000001c62a5fa460 DEOPT PACKING pc=0x000001c62dae5667 sp=0x0000002fe46fc270
Event: 0.347 Thread 0x000001c62a5fa460 DEOPT UNPACKING pc=0x000001c635057143 sp=0x0000002fe46fb690 mode 0
Event: 0.396 Thread 0x000001c62a5fa460 DEOPT PACKING pc=0x000001c62db00b7e sp=0x0000002fe46fd580
Event: 0.396 Thread 0x000001c62a5fa460 DEOPT UNPACKING pc=0x000001c635057143 sp=0x0000002fe46fc9f0 mode 0
Event: 0.396 Thread 0x000001c62a5fa460 DEOPT PACKING pc=0x000001c62db00b7e sp=0x0000002fe46fd580
Event: 0.396 Thread 0x000001c62a5fa460 DEOPT UNPACKING pc=0x000001c635057143 sp=0x0000002fe46fc9f0 mode 0
Event: 0.401 Thread 0x000001c62a5fa460 DEOPT PACKING pc=0x000001c62db00b7e sp=0x0000002fe46fd580
Event: 0.401 Thread 0x000001c62a5fa460 DEOPT UNPACKING pc=0x000001c635057143 sp=0x0000002fe46fc9f0 mode 0
Event: 0.401 Thread 0x000001c62a5fa460 DEOPT PACKING pc=0x000001c62db00b7e sp=0x0000002fe46fd580
Event: 0.401 Thread 0x000001c62a5fa460 DEOPT UNPACKING pc=0x000001c635057143 sp=0x0000002fe46fc9f0 mode 0
Event: 0.415 Thread 0x000001c62a5fa460 DEOPT PACKING pc=0x000001c62db169be sp=0x0000002fe46fd240
Event: 0.415 Thread 0x000001c62a5fa460 DEOPT UNPACKING pc=0x000001c635057143 sp=0x0000002fe46fc6b8 mode 0
Event: 0.415 Thread 0x000001c62a5fa460 DEOPT PACKING pc=0x000001c62db169be sp=0x0000002fe46fd240
Event: 0.415 Thread 0x000001c62a5fa460 DEOPT UNPACKING pc=0x000001c635057143 sp=0x0000002fe46fc6b8 mode 0
Event: 0.421 Thread 0x000001c62a5fa460 DEOPT PACKING pc=0x000001c62db169be sp=0x0000002fe46fd240
Event: 0.421 Thread 0x000001c62a5fa460 DEOPT UNPACKING pc=0x000001c635057143 sp=0x0000002fe46fc6b8 mode 0
Event: 0.421 Thread 0x000001c62a5fa460 DEOPT PACKING pc=0x000001c62db169be sp=0x0000002fe46fd240
Event: 0.421 Thread 0x000001c62a5fa460 DEOPT UNPACKING pc=0x000001c635057143 sp=0x0000002fe46fc6b8 mode 0
Event: 0.489 Thread 0x000001c62a5fa460 DEOPT PACKING pc=0x000001c62db23682 sp=0x0000002fe46fd200
Event: 0.489 Thread 0x000001c62a5fa460 DEOPT UNPACKING pc=0x000001c635057143 sp=0x0000002fe46fc6c0 mode 0

Classes unloaded (0 events):
No events

Classes redefined (0 events):
No events

Internal exceptions (1 events):
Event: 0.346 Thread 0x000001c62a5fa460 Exception <a 'java/lang/NoSuchMethodError'{0x0000000711b81988}: 'int java.lang.invoke.DirectMethodHandle$Holder.invokeStaticInit(java.lang.Object, java.lang.Object)'> (0x0000000711b81988) 
thrown [s\src\hotspot\share\interpreter\linkResolver.cpp, line 771]

VM Operations (2 events):
Event: 0.167 Executing VM operation: HandshakeAllThreads
Event: 0.167 Executing VM operation: HandshakeAllThreads done

Events (20 events):
Event: 0.351 loading class java/io/FileFilter
Event: 0.351 loading class java/io/FileFilter done
Event: 0.374 loading class java/util/Collections$UnmodifiableList
Event: 0.374 loading class java/util/Collections$UnmodifiableList done
Event: 0.374 loading class java/util/Collections$UnmodifiableRandomAccessList
Event: 0.374 loading class java/util/Collections$UnmodifiableRandomAccessList done
Event: 0.380 loading class java/util/AbstractList$Itr
Event: 0.380 loading class java/util/AbstractList$Itr done
Event: 0.383 loading class java/util/zip/ZipException
Event: 0.383 loading class java/util/zip/ZipException done
Event: 0.383 loading class java/util/ArrayList$SubList
Event: 0.384 loading class java/util/ArrayList$SubList done
Event: 0.393 loading class java/util/Collections$UnmodifiableCollection$1
Event: 0.393 loading class java/util/Collections$UnmodifiableCollection$1 done
Event: 0.397 loading class java/util/Collections$SingletonSet
Event: 0.398 loading class java/util/Collections$SingletonSet done
Event: 0.398 loading class java/util/Collections$1
Event: 0.398 loading class java/util/Collections$1 done
Event: 0.402 loading class java/lang/invoke/DirectMethodHandle$Special
Event: 0.402 loading class java/lang/invoke/DirectMethodHandle$Special done


Dynamic libraries:
0x00007ff700f60000 - 0x00007ff700f6a000 	C:\Program Files\Android\Android Studio1\jbr\bin\java.exe
0x00007ffee94f0000 - 0x00007ffee9707000 	C:\WINDOWS\SYSTEM32\ntdll.dll
0x00007ffee8af0000 - 0x00007ffee8bb4000 	C:\WINDOWS\System32\KERNEL32.DLL
0x00007ffee6c70000 - 0x00007ffee7016000 	C:\WINDOWS\System32\KERNELBASE.dll
0x00007ffee6b50000 - 0x00007ffee6c61000 	C:\WINDOWS\System32\ucrtbase.dll
0x00007ffe92d30000 - 0x00007ffe92d47000 	C:\Program Files\Android\Android Studio1\jbr\bin\jli.dll
0x00007ffe99950000 - 0x00007ffe9996b000 	C:\Program Files\Android\Android Studio1\jbr\bin\VCRUNTIME140.dll
0x00007ffee7b00000 - 0x00007ffee7cae000 	C:\WINDOWS\System32\USER32.dll
0x00007ffecd950000 - 0x00007ffecdbe3000 	C:\WINDOWS\WinSxS\amd64_microsoft.windows.common-controls_6595b64144ccf1df_6.0.22621.2706_none_270c5aa17388e1a2\COMCTL32.dll
0x00007ffee7200000 - 0x00007ffee7226000 	C:\WINDOWS\System32\win32u.dll
0x00007ffee8c70000 - 0x00007ffee8d17000 	C:\WINDOWS\System32\msvcrt.dll
0x00007ffee7cb0000 - 0x00007ffee7cd9000 	C:\WINDOWS\System32\GDI32.dll
0x00007ffee6850000 - 0x00007ffee6968000 	C:\WINDOWS\System32\gdi32full.dll
0x00007ffee6a30000 - 0x00007ffee6aca000 	C:\WINDOWS\System32\msvcp_win.dll
0x00007ffee7230000 - 0x00007ffee7261000 	C:\WINDOWS\System32\IMM32.DLL
0x00007ffebff10000 - 0x00007ffebff1c000 	C:\Program Files\Android\Android Studio1\jbr\bin\vcruntime140_1.dll
0x00007ffe58b50000 - 0x00007ffe58bdd000 	C:\Program Files\Android\Android Studio1\jbr\bin\msvcp140.dll
0x00007ffe7c500000 - 0x00007ffe7d183000 	C:\Program Files\Android\Android Studio1\jbr\bin\server\jvm.dll
0x00007ffee8e20000 - 0x00007ffee8ed1000 	C:\WINDOWS\System32\ADVAPI32.dll
0x00007ffee7ce0000 - 0x00007ffee7d85000 	C:\WINDOWS\System32\sechost.dll
0x00007ffee7270000 - 0x00007ffee7387000 	C:\WINDOWS\System32\RPCRT4.dll
0x00007ffee6570000 - 0x00007ffee65bd000 	C:\WINDOWS\SYSTEM32\POWRPROF.dll
0x00007ffed1870000 - 0x00007ffed1879000 	C:\WINDOWS\SYSTEM32\WSOCK32.dll
0x00007ffee7450000 - 0x00007ffee74c1000 	C:\WINDOWS\System32\WS2_32.dll
0x00007ffedd7b0000 - 0x00007ffedd7e4000 	C:\WINDOWS\SYSTEM32\WINMM.dll
0x00007ffee3ad0000 - 0x00007ffee3ada000 	C:\WINDOWS\SYSTEM32\VERSION.dll
0x00007ffee64a0000 - 0x00007ffee64b3000 	C:\WINDOWS\SYSTEM32\UMPDC.dll
0x00007ffee5810000 - 0x00007ffee5828000 	C:\WINDOWS\SYSTEM32\kernel.appcore.dll
0x00007ffead160000 - 0x00007ffead16a000 	C:\Program Files\Android\Android Studio1\jbr\bin\jimage.dll
0x00007ffed12f0000 - 0x00007ffed1523000 	C:\WINDOWS\SYSTEM32\DBGHELP.DLL
0x00007ffee9120000 - 0x00007ffee94a9000 	C:\WINDOWS\System32\combase.dll
0x00007ffee7520000 - 0x00007ffee75f7000 	C:\WINDOWS\System32\OLEAUT32.dll
0x00007ffed5530000 - 0x00007ffed5562000 	C:\WINDOWS\SYSTEM32\dbgcore.DLL
0x00007ffee6ad0000 - 0x00007ffee6b4a000 	C:\WINDOWS\System32\bcryptPrimitives.dll
0x00007ffea6890000 - 0x00007ffea68b5000 	C:\Program Files\Android\Android Studio1\jbr\bin\java.dll
0x00007ffea6350000 - 0x00007ffea6368000 	C:\Program Files\Android\Android Studio1\jbr\bin\zip.dll
0x00007ffee8290000 - 0x00007ffee8ae8000 	C:\WINDOWS\System32\SHELL32.dll
0x00007ffee4720000 - 0x00007ffee5015000 	C:\WINDOWS\SYSTEM32\windows.storage.dll
0x00007ffee45e0000 - 0x00007ffee471e000 	C:\WINDOWS\SYSTEM32\wintypes.dll
0x00007ffee9020000 - 0x00007ffee9113000 	C:\WINDOWS\System32\SHCORE.dll
0x00007ffee73f0000 - 0x00007ffee744e000 	C:\WINDOWS\System32\shlwapi.dll
0x00007ffee6780000 - 0x00007ffee67a6000 	C:\WINDOWS\SYSTEM32\profapi.dll
0x00007ffe951f0000 - 0x00007ffe95209000 	C:\Program Files\Android\Android Studio1\jbr\bin\net.dll
0x00007ffee3ae0000 - 0x00007ffee3c17000 	C:\WINDOWS\SYSTEM32\WINHTTP.dll
0x00007ffee5c80000 - 0x00007ffee5ce9000 	C:\WINDOWS\system32\mswsock.dll
0x00007ffe94f40000 - 0x00007ffe94f56000 	C:\Program Files\Android\Android Studio1\jbr\bin\nio.dll
0x00007ffe92d60000 - 0x00007ffe92d70000 	C:\Program Files\Android\Android Studio1\jbr\bin\verify.dll

dbghelp: loaded successfully - version: 4.0.5 - missing functions: none
symbol engine: initialized successfully - sym options: 0x614 - pdb path: .;C:\Program Files\Android\Android Studio1\jbr\bin;C:\WINDOWS\SYSTEM32;C:\WINDOWS\WinSxS\amd64_microsoft.windows.common-controls_6595b64144ccf1df_6.0.22621.2706_none_270c5aa17388e1a2;C:\Program Files\Android\Android Studio1\jbr\bin\server

VM Arguments:
jvm_args: -Dorg.gradle.appname=gradlew 
java_command: org.gradle.wrapper.GradleWrapperMain -q -Ptarget-platform=android-x86 -Ptarget=D:\flutter\Project\Trav.in\lib\main.dart -Pbase-application-name=android.app.Application -Pdart-defines=Zmx1dHRlci5pbnNwZWN0b3Iuc3RydWN0dXJlZEVycm9ycz10cnVl,RkxVVFRFUl9XRUJfQ0FOVkFTS0lUX1VSTD1odHRwczovL3d3dy5nc3RhdGljLmNvbS9mbHV0dGVyLWNhbnZhc2tpdC8yMzVkYjkxMWJhMjc5NzIyZjVlNjg1ZjM4YjBlZDMwZmE3ZTg1NzBhLw== -Pdart-obfuscation=false -Ptrack-widget-creation=true -Ptree-shake-icons=false -Pfilesystem-scheme=org-dartlang-root assembleDebug
java_class_path (initial): D:\flutter\Project\Trav.in\android\\gradle\wrapper\gradle-wrapper.jar
Launcher Type: SUN_STANDARD

[Global flags]
     intx CICompilerCount                          = 4                                         {product} {ergonomic}
     uint ConcGCThreads                            = 2                                         {product} {ergonomic}
     uint G1ConcRefinementThreads                  = 8                                         {product} {ergonomic}
   size_t G1HeapRegionSize                         = 2097152                                   {product} {ergonomic}
    uintx GCDrainStackTargetSize                   = 64                                        {product} {ergonomic}
   size_t InitialHeapSize                          = 268435456                                 {product} {ergonomic}
   size_t MarkStackSize                            = 4194304                                   {product} {ergonomic}
   size_t MaxHeapSize                              = 4263510016                                {product} {ergonomic}
   size_t MaxNewSize                               = 2556428288                                {product} {ergonomic}
   size_t MinHeapDeltaBytes                        = 2097152                                   {product} {ergonomic}
   size_t MinHeapSize                              = 8388608                                   {product} {ergonomic}
    uintx NonNMethodCodeHeapSize                   = 5839372                                {pd product} {ergonomic}
    uintx NonProfiledCodeHeapSize                  = 122909434                              {pd product} {ergonomic}
    uintx ProfiledCodeHeapSize                     = 122909434                              {pd product} {ergonomic}
    uintx ReservedCodeCacheSize                    = 251658240                              {pd product} {ergonomic}
     bool SegmentedCodeCache                       = true                                      {product} {ergonomic}
   size_t SoftMaxHeapSize                          = 4263510016                             {manageable} {ergonomic}
     bool UseCompressedClassPointers               = true                           {product lp64_product} {ergonomic}
     bool UseCompressedOops                        = true                           {product lp64_product} {ergonomic}
     bool UseG1GC                                  = true                                      {product} {ergonomic}
     bool UseLargePagesIndividualAllocation        = false                                  {pd product} {ergonomic}

Logging:
Log output configuration:
 #0: stdout all=warning uptime,level,tags
 #1: stderr all=off uptime,level,tags

Environment Variables:
JAVA_HOME=C:\Program Files\Android\Android Studio1\jbr
CLASSPATH=D:\flutter\Project\Trav.in\android\\gradle\wrapper\gradle-wrapper.jar
PATH=C:\Program Files\Android\Android Studio1\jbr\bin;C:\Python312\Scripts\;C:\Python312\;C:\Program Files (x86)\Common Files\Intel\Shared Libraries\redist\intel64\compiler;C:\Program Files\Python311\Scripts\;C:\Program Files\Python311\;E:\app\dell\product\11.2.0\dbhome_1\bin;C:\Python310\Scripts\;C:\Python310\;C:\Windows\system32;C:\Windows;C:\Windows\System32\Wbem;C:\Windows\System32\WindowsPowerShell\v1.0\;C:\Windows\System32\OpenSSH\;C:\Program Files\dotnet\;C:\ProgramData\chocolatey\bin;C:\Program Files\Microsoft SQL Server\150\Tools\Binn\;C:\WINDOWS\system32;C:\WINDOWS;C:\WINDOWS\System32\Wbem;C:\WINDOWS\System32\WindowsPowerShell\v1.0\;C:\WINDOWS\System32\OpenSSH\;C:\MinGW\bin;C:\sqlite3;C:\Program Files (x86)\Microsoft SQL Server\100\Tools\Binn\;C:\Program Files\Microsoft SQL Server\100\Tools\Binn\;C:\Program Files\Microsoft SQL Server\100\DTS\Binn\;C:\java\jdk-8u282-b08-windows-x64\openlogic-openjdk-8u282-b08-windows-64\bin;C:\Program Files\Intel\WiFi\bin\;C:\Program Files\Common Files\Intel\WirelessCommon\;C:\Program Files (x86)\Intel\Intel(R) Management Engine Components\DAL;C:\Program Files\Intel\Intel(R) Management Engine Components\DAL;C:\Program Files\nodejs\;C:\Program Files\Git\cmd;C:\Program Files\Git\bin;C:\Program Files\Git\cmd;C:\flutter\bin\cache\dart-sdk\bin;C:\Users\dell\AppData\Local\Pub\Cache\bin;C:\Users\dell\AppData\Local\Microsoft\WindowsApps;C:\Srcflutter\flutter\bin;C:\Users\dell\.dotnet\tools;C:\sqlite3;C:\MinGW\bin;C:\flutter\bin;C:\java\jdk-8u282-b08-windows-x64\openlogic-openjdk-8u282-b08-windows-64\bin;C:\Users\dell\AppData\Local\Programs\Microsoft VS Code\bin;C:\Users\dell\AppData\Roaming\npm;C:\Srcflutter\flutter\bin\mingit\cmd
USERNAME=dell
OS=Windows_NT
PROCESSOR_IDENTIFIER=Intel64 Family 6 Model 142 Stepping 10, GenuineIntel
TMP=C:\Users\dell\AppData\Local\Temp
TEMP=C:\Users\dell\AppData\Local\Temp



Periodic native trim disabled

JNI global refs:
JNI global refs: 8, weak refs: 0

JNI global refs memory usage: 843, weak refs: 841

OOME stack traces (most recent first):
Classloader memory used:
Loader bootstrap                                                                       : 984K
Loader java.net.URLClassLoader                                                         : 25606B
Loader jdk.internal.loader.ClassLoaders$AppClassLoader                                 : 18431B


---------------  S Y S T E M  ---------------

OS:
 Windows 11 , 64 bit Build 22621 (10.0.22621.2841)
OS uptime: 0 days 0:50 hours
Hyper-V role detected

CPU: total 8 (initial active 8) (4 cores per cpu, 2 threads per core) family 6 model 142 stepping 10 microcode 0xf4, cx8, cmov, fxsr, ht, mmx, 3dnowpref, sse, sse2, sse3, ssse3, sse4.1, sse4.2, popcnt, lzcnt, tsc, tscinvbit, avx, avx2, aes, erms, clmul, bmi1, bmi2, rtm, adx, fma, vzeroupper, clflush, clflushopt, hv
Processor Information for all 8 processors :
  Max Mhz: 2112, Current Mhz: 1910, Mhz Limit: 1900

Memory: 4k page, system-wide physical 16259M (787M free)
TotalPageFile size 18307M (AvailPageFile size 3M)
current process WorkingSet (physical memory assigned to process): 50M, peak: 50M
current process commit charge ("private bytes"): 343M, peak: 344M

vm_info: OpenJDK 64-Bit Server VM (17.0.9+0--11185874) for windows-amd64 JRE (17.0.9+0--11185874), built on Dec  6 2023 18:57:44 by "androidbuild" with MS VC++ 16.10 / 16.11 (VS2019)

END.
